# This file contains the data of final population
# of objectives = 2, # of constraints = 0, # of real_var = 7, # of bits of bin_var = 0, constr_violation, rank, crowding_distance
9.791556e+02	9.791556e+02	2.034607e+01	-4.931509e+02	-9.977666e-01	-9.988635e-01	2.000000e+03	2.999996e+03	2.999984e+03	0.000000e+00	1	1.000000e+14
9.791557e+02	9.791557e+02	2.034606e+01	-4.931511e+02	-9.979646e-01	-9.986223e-01	2.000000e+03	2.999996e+03	2.999979e+03	0.000000e+00	2	1.000000e+14
9.791557e+02	9.791557e+02	2.034607e+01	-4.931505e+02	-9.966420e-01	-9.996113e-01	2.000000e+03	2.999994e+03	2.999978e+03	0.000000e+00	3	1.000000e+14
9.791559e+02	9.791559e+02	2.034606e+01	-4.931504e+02	-9.966418e-01	-9.991188e-01	2.000000e+03	2.999997e+03	2.999973e+03	0.000000e+00	4	1.000000e+14
9.791559e+02	9.791559e+02	2.034605e+01	-4.931505e+02	-9.966420e-01	-9.991164e-01	2.000000e+03	2.999997e+03	2.999978e+03	0.000000e+00	5	1.000000e+14
9.791560e+02	9.791560e+02	2.034607e+01	-4.931512e+02	-9.977639e-01	-9.981932e-01	2.000000e+03	2.999996e+03	2.999973e+03	0.000000e+00	6	1.000000e+14
9.791560e+02	9.791560e+02	2.034607e+01	-4.931509e+02	-9.966412e-01	-9.991130e-01	2.000000e+03	2.999996e+03	2.999984e+03	0.000000e+00	7	1.000000e+14
9.791560e+02	9.791560e+02	2.034607e+01	-4.931512e+02	-9.966412e-01	-9.991130e-01	2.000000e+03	2.999996e+03	2.999984e+03	0.000000e+00	8	1.000000e+14
9.791561e+02	9.791561e+02	2.034607e+01	-4.931507e+02	-9.966434e-01	-9.988318e-01	2.000000e+03	2.999970e+03	2.999974e+03	0.000000e+00	9	1.000000e+14
9.791561e+02	9.791561e+02	2.034606e+01	-4.931511e+02	-9.966685e-01	-9.988688e-01	2.000000e+03	2.999996e+03	2.999979e+03	0.000000e+00	10	1.000000e+14
9.791561e+02	9.791561e+02	2.034606e+01	-4.931511e+02	-9.966681e-01	-9.988688e-01	2.000000e+03	2.999996e+03	2.999979e+03	0.000000e+00	11	1.000000e+14
9.791561e+02	9.791561e+02	2.034607e+01	-4.931510e+02	-9.966681e-01	-9.988057e-01	2.000000e+03	2.999996e+03	2.999977e+03	0.000000e+00	12	1.000000e+14
9.791561e+02	9.791561e+02	2.034606e+01	-4.931513e+02	-9.966681e-01	-9.988688e-01	2.000000e+03	2.999996e+03	2.999979e+03	0.000000e+00	13	1.000000e+14
9.791562e+02	9.791562e+02	2.034606e+01	-4.931513e+02	-9.966425e-01	-9.988688e-01	2.000000e+03	2.999997e+03	2.999987e+03	0.000000e+00	14	1.000000e+14
9.791562e+02	9.791562e+02	2.034606e+01	-4.931513e+02	-9.966420e-01	-9.988695e-01	2.000000e+03	2.999996e+03	2.999978e+03	0.000000e+00	15	1.000000e+14
9.791562e+02	9.791562e+02	2.034607e+01	-4.931513e+02	-9.966686e-01	-9.988050e-01	2.000000e+03	2.999997e+03	2.999986e+03	0.000000e+00	16	1.000000e+14
9.791562e+02	9.791562e+02	2.034607e+01	-4.931513e+02	-9.966681e-01	-9.988057e-01	2.000000e+03	3.000000e+03	2.999977e+03	0.000000e+00	17	1.000000e+14
9.791562e+02	9.791562e+02	2.034607e+01	-4.931513e+02	-9.966681e-01	-9.988057e-01	2.000000e+03	2.999996e+03	2.999977e+03	0.000000e+00	18	1.000000e+14
9.791562e+02	9.791562e+02	2.034607e+01	-4.931511e+02	-9.966439e-01	-9.985804e-01	2.000000e+03	2.999996e+03	2.999973e+03	0.000000e+00	19	1.000000e+14
9.791562e+02	9.791562e+02	2.034607e+01	-4.931511e+02	-9.966439e-01	-9.985804e-01	2.000000e+03	2.999996e+03	2.999973e+03	0.000000e+00	19	1.000000e+14
9.791563e+02	9.791563e+02	2.034606e+01	-4.931516e+02	-9.966438e-01	-9.987451e-01	2.000000e+03	2.999996e+03	2.999990e+03	0.000000e+00	20	1.000000e+14
9.791563e+02	9.791563e+02	2.034607e+01	-4.931512e+02	-9.966322e-01	-9.985804e-01	2.000000e+03	2.999996e+03	2.999973e+03	0.000000e+00	21	1.000000e+14
9.791563e+02	9.791563e+02	2.034607e+01	-4.931516e+02	-9.966439e-01	-9.987451e-01	2.000000e+03	2.999996e+03	2.999990e+03	0.000000e+00	22	1.000000e+14
9.791564e+02	9.791564e+02	2.034607e+01	-4.931510e+02	-9.966573e-01	-9.981881e-01	2.000000e+03	2.999996e+03	2.999983e+03	0.000000e+00	23	1.000000e+14
9.791565e+02	9.791565e+02	2.034607e+01	-4.931517e+02	-9.966434e-01	-9.981869e-01	2.000000e+03	2.999996e+03	2.999996e+03	0.000000e+00	24	1.000000e+14
9.791566e+02	9.791566e+02	2.034607e+01	-4.931518e+02	-9.966412e-01	-9.981991e-01	2.000000e+03	2.999996e+03	2.999973e+03	0.000000e+00	25	1.000000e+14
9.791566e+02	9.791566e+02	2.034607e+01	-4.931519e+02	-9.966412e-01	-9.982168e-01	2.000000e+03	2.999997e+03	2.999973e+03	0.000000e+00	26	1.000000e+14
9.791567e+02	9.791567e+02	2.034606e+01	-4.931513e+02	-9.966435e-01	-9.975451e-01	2.000000e+03	2.999999e+03	2.999978e+03	0.000000e+00	27	1.000000e+14
9.791568e+02	9.791568e+02	2.034606e+01	-4.931595e+02	-9.992915e-01	-9.994461e-01	2.000000e+03	2.999999e+03	2.999977e+03	0.000000e+00	28	1.000000e+14
9.791568e+02	9.791568e+02	2.034607e+01	-4.931506e+02	-9.966433e-01	-9.969353e-01	2.000000e+03	2.999968e+03	2.999973e+03	0.000000e+00	29	1.000000e+14
9.791568e+02	9.791568e+02	2.034606e+01	-4.931591e+02	-9.995630e-01	-9.987451e-01	2.000000e+03	2.999996e+03	2.999973e+03	0.000000e+00	30	1.000000e+14
9.791569e+02	9.791569e+02	2.034606e+01	-4.931581e+02	-9.983970e-01	-9.992338e-01	2.000000e+03	2.999997e+03	2.999973e+03	0.000000e+00	31	1.000000e+14
9.791569e+02	9.791569e+02	2.034606e+01	-4.931595e+02	-9.995979e-01	-9.987859e-01	2.000000e+03	2.999996e+03	2.999973e+03	0.000000e+00	32	1.000000e+14
9.791570e+02	9.791570e+02	2.034606e+01	-4.931596e+02	-9.984541e-01	-9.998640e-01	2.000000e+03	2.999997e+03	2.999973e+03	0.000000e+00	33	1.000000e+14
9.791570e+02	9.791570e+02	2.034606e+01	-4.931592e+02	-9.985672e-01	-9.993461e-01	2.000000e+03	2.999999e+03	2.999978e+03	0.000000e+00	34	1.000000e+14
9.791571e+02	9.791571e+02	2.034607e+01	-4.931596e+02	-9.996114e-01	-9.984743e-01	2.000000e+03	2.999998e+03	2.999985e+03	0.000000e+00	35	1.000000e+14
9.791571e+02	9.791571e+02	2.034606e+01	-4.931591e+02	-9.987482e-01	-9.990801e-01	2.000000e+03	2.999970e+03	2.999983e+03	0.000000e+00	36	1.000000e+14
9.791571e+02	9.791571e+02	2.034606e+01	-4.931591e+02	-9.987482e-01	-9.990801e-01	2.000000e+03	2.999970e+03	2.999983e+03	0.000000e+00	36	1.000000e+14
9.791571e+02	9.791571e+02	2.034607e+01	-4.931580e+02	-9.988153e-01	-9.983376e-01	2.000000e+03	2.999993e+03	2.999996e+03	0.000000e+00	37	1.000000e+14
9.791571e+02	9.791571e+02	2.034606e+01	-4.931593e+02	-9.983871e-01	-9.994281e-01	2.000000e+03	2.999999e+03	2.999994e+03	0.000000e+00	38	1.000000e+14
9.791571e+02	9.791571e+02	2.034606e+01	-4.931592e+02	-9.984418e-01	-9.993199e-01	2.000000e+03	2.999999e+03	2.999978e+03	0.000000e+00	39	1.000000e+14
9.791571e+02	9.791571e+02	2.034607e+01	-4.931580e+02	-9.987695e-01	-9.983304e-01	2.000000e+03	2.999997e+03	2.999996e+03	0.000000e+00	40	1.000000e+14
9.791571e+02	9.791571e+02	2.034606e+01	-4.931592e+02	-9.983975e-01	-9.993199e-01	2.000000e+03	2.999999e+03	2.999977e+03	0.000000e+00	41	1.000000e+14
9.791571e+02	9.791571e+02	2.034606e+01	-4.931592e+02	-9.983975e-01	-9.993768e-01	2.000000e+03	2.999969e+03	2.999977e+03	0.000000e+00	42	1.000000e+14
9.791571e+02	9.791571e+02	2.034606e+01	-4.931592e+02	-9.983975e-01	-9.993199e-01	2.000000e+03	2.999969e+03	2.999977e+03	0.000000e+00	43	1.000000e+14
9.791571e+02	9.791571e+02	2.034606e+01	-4.931592e+02	-9.983975e-01	-9.993199e-01	2.000000e+03	2.999969e+03	2.999977e+03	0.000000e+00	44	1.000000e+14
9.791571e+02	9.791571e+02	2.034606e+01	-4.931592e+02	-9.983975e-01	-9.993199e-01	2.000000e+03	2.999969e+03	2.999977e+03	0.000000e+00	44	1.000000e+14
9.791571e+02	9.791571e+02	2.034606e+01	-4.931593e+02	-9.984090e-01	-9.993199e-01	2.000000e+03	2.999968e+03	2.999977e+03	0.000000e+00	45	1.000000e+14
9.791571e+02	9.791571e+02	2.034607e+01	-4.931592e+02	-9.983462e-01	-9.993199e-01	2.000000e+03	2.999997e+03	2.999977e+03	0.000000e+00	46	1.000000e+14
9.791572e+02	9.791572e+02	2.034606e+01	-4.931592e+02	-9.984279e-01	-9.992000e-01	2.000000e+03	2.999969e+03	2.999998e+03	0.000000e+00	47	1.000000e+14
9.791572e+02	9.791572e+02	2.034606e+01	-4.931592e+02	-9.984219e-01	-9.991999e-01	2.000000e+03	2.999970e+03	2.999994e+03	0.000000e+00	48	1.000000e+14
9.791572e+02	9.791572e+02	2.034606e+01	-4.931592e+02	-9.984219e-01	-9.992000e-01	2.000000e+03	2.999969e+03	2.999994e+03	0.000000e+00	49	1.000000e+14
9.791572e+02	9.791572e+02	2.034606e+01	-4.931592e+02	-9.983842e-01	-9.991872e-01	2.000000e+03	2.999970e+03	2.999994e+03	0.000000e+00	50	1.000000e+14
9.791572e+02	9.791572e+02	2.034606e+01	-4.931600e+02	-9.991811e-01	-9.987859e-01	2.000000e+03	2.999997e+03	2.999973e+03	0.000000e+00	51	1.000000e+14
9.791572e+02	9.791572e+02	2.034606e+01	-4.931626e+02	-9.996875e-01	-9.997937e-01	2.000000e+03	2.999996e+03	2.999983e+03	0.000000e+00	52	1.000000e+14
9.791572e+02	9.791572e+02	2.034607e+01	-4.931597e+02	-9.996662e-01	-9.981046e-01	2.000000e+03	2.999995e+03	2.999987e+03	0.000000e+00	53	1.000000e+14
9.791572e+02	9.791572e+02	2.034606e+01	-4.931627e+02	-9.996875e-01	-9.997937e-01	2.000000e+03	2.999996e+03	2.999983e+03	0.000000e+00	54	1.000000e+14
9.791572e+02	9.791572e+02	2.034607e+01	-4.931580e+02	-9.983833e-01	-9.983304e-01	2.000000e+03	2.999997e+03	2.999976e+03	0.000000e+00	55	1.000000e+14
9.791573e+02	9.791573e+02	2.034606e+01	-4.931588e+02	-9.980133e-01	-9.990455e-01	2.000000e+03	2.999997e+03	2.999990e+03	0.000000e+00	56	1.000000e+14
9.791573e+02	9.791573e+02	2.034606e+01	-4.931588e+02	-9.979924e-01	-9.990455e-01	2.000000e+03	2.999997e+03	2.999987e+03	0.000000e+00	57	1.000000e+14
9.791573e+02	9.791573e+02	2.034606e+01	-4.931595e+02	-9.996447e-01	-9.977259e-01	2.000000e+03	2.999971e+03	2.999985e+03	0.000000e+00	58	1.000000e+14
9.791573e+02	9.791573e+02	2.034606e+01	-4.931593e+02	-9.983713e-01	-9.988605e-01	2.000000e+03	2.999968e+03	2.999977e+03	0.000000e+00	59	1.000000e+14
9.791573e+02	9.791573e+02	2.034607e+01	-4.931580e+02	-9.966444e-01	-9.998514e-01	2.000000e+03	2.999970e+03	2.999996e+03	0.000000e+00	60	1.000000e+14
9.791573e+02	9.791573e+02	2.034605e+01	-4.931596e+02	-9.998720e-01	-9.974601e-01	2.000000e+03	3.000000e+03	2.999990e+03	0.000000e+00	61	1.000000e+14
9.791574e+02	9.791574e+02	2.034607e+01	-4.931582e+02	-9.977853e-01	-9.987451e-01	2.000000e+03	2.999993e+03	2.999985e+03	0.000000e+00	62	1.000000e+14
9.791574e+02	9.791574e+02	2.034606e+01	-4.931593e+02	-9.977242e-01	-9.993463e-01	2.000000e+03	2.999996e+03	2.999973e+03	0.000000e+00	63	1.000000e+14
9.791574e+02	9.791574e+02	2.034607e+01	-4.931573e+02	-9.966189e-01	-9.993201e-01	2.000000e+03	2.999968e+03	2.999978e+03	0.000000e+00	64	1.000000e+14
9.791574e+02	9.791574e+02	2.034606e+01	-4.931607e+02	-9.984799e-01	-9.993519e-01	2.000000e+03	2.999995e+03	2.999977e+03	0.000000e+00	65	1.000000e+14
9.791574e+02	9.791574e+02	2.034606e+01	-4.931607e+02	-9.984418e-01	-9.993199e-01	2.000000e+03	2.999999e+03	2.999985e+03	0.000000e+00	66	1.000000e+14
9.791574e+02	9.791574e+02	2.034607e+01	-4.931573e+02	-9.966656e-01	-9.992001e-01	2.000000e+03	2.999967e+03	2.999995e+03	0.000000e+00	67	1.000000e+14
9.791574e+02	9.791574e+02	2.034607e+01	-4.931573e+02	-9.966407e-01	-9.992058e-01	2.000000e+03	2.999999e+03	2.999995e+03	0.000000e+00	68	1.000000e+14
9.791574e+02	9.791574e+02	2.034607e+01	-4.931573e+02	-9.966407e-01	-9.992059e-01	2.000000e+03	2.999997e+03	2.999995e+03	0.000000e+00	69	1.000000e+14
9.791574e+02	9.791574e+02	2.034607e+01	-4.931576e+02	-9.991210e-01	-9.969074e-01	2.000000e+03	2.999968e+03	2.999980e+03	0.000000e+00	70	1.000000e+14
9.791574e+02	9.791574e+02	2.034607e+01	-4.931573e+02	-9.966433e-01	-9.992001e-01	2.000000e+03	2.999968e+03	2.999995e+03	0.000000e+00	71	1.000000e+14
9.791574e+02	9.791574e+02	2.034607e+01	-4.931573e+02	-9.966433e-01	-9.992001e-01	2.000000e+03	2.999968e+03	2.999995e+03	0.000000e+00	71	1.000000e+14
9.791575e+02	9.791575e+02	2.034608e+01	-4.931600e+02	-9.995688e-01	-9.977658e-01	2.000000e+03	2.999995e+03	2.999985e+03	0.000000e+00	72	1.000000e+14
9.791575e+02	9.791575e+02	2.034608e+01	-4.931600e+02	-9.995688e-01	-9.977658e-01	2.000000e+03	2.999995e+03	2.999985e+03	0.000000e+00	73	1.000000e+14
9.791575e+02	9.791575e+02	2.034605e+01	-4.931601e+02	-9.998720e-01	-9.974601e-01	2.000000e+03	3.000000e+03	2.999990e+03	0.000000e+00	74	1.000000e+14
9.791575e+02	9.791575e+02	2.034606e+01	-4.931588e+02	-9.979463e-01	-9.986422e-01	2.000000e+03	2.999997e+03	2.999984e+03	0.000000e+00	75	1.000000e+14
9.791575e+02	9.791575e+02	2.034606e+01	-4.931592e+02	-9.984061e-01	-9.983920e-01	2.000000e+03	2.999996e+03	2.999979e+03	0.000000e+00	76	1.000000e+14
9.791575e+02	9.791575e+02	2.034606e+01	-4.931592e+02	-9.984061e-01	-9.983920e-01	2.000000e+03	2.999996e+03	2.999973e+03	0.000000e+00	77	1.000000e+14
9.791575e+02	9.791575e+02	2.034607e+01	-4.931606e+02	-9.983462e-01	-9.993199e-01	2.000000e+03	2.999997e+03	2.999977e+03	0.000000e+00	78	1.000000e+14
9.791575e+02	9.791575e+02	2.034606e+01	-4.931607e+02	-9.983970e-01	-9.992567e-01	2.000000e+03	2.999998e+03	2.999977e+03	0.000000e+00	79	1.000000e+14
9.791575e+02	9.791575e+02	2.034606e+01	-4.931607e+02	-9.983462e-01	-9.993152e-01	2.000000e+03	2.999997e+03	2.999973e+03	0.000000e+00	80	1.000000e+14
9.791575e+02	9.791575e+02	2.034607e+01	-4.931577e+02	-9.966669e-01	-9.992684e-01	2.000000e+03	2.999997e+03	2.999973e+03	0.000000e+00	81	1.000000e+14
9.791575e+02	9.791575e+02	2.034607e+01	-4.931576e+02	-9.966421e-01	-9.992015e-01	2.000000e+03	2.999999e+03	2.999995e+03	0.000000e+00	82	1.000000e+14
9.791575e+02	9.791575e+02	2.034607e+01	-4.931587e+02	-9.966663e-01	-9.998107e-01	2.000000e+03	2.999998e+03	2.999983e+03	0.000000e+00	83	1.000000e+14
9.791575e+02	9.791575e+02	2.034606e+01	-4.931589e+02	-9.979645e-01	-9.985637e-01	2.000000e+03	3.000000e+03	2.999984e+03	0.000000e+00	84	1.000000e+14
9.791575e+02	9.791575e+02	2.034606e+01	-4.931600e+02	-9.977190e-01	-9.994034e-01	2.000000e+03	3.000000e+03	2.999990e+03	0.000000e+00	85	1.000000e+14
9.791575e+02	9.791575e+02	2.034606e+01	-4.931605e+02	-9.986442e-01	-9.987443e-01	2.000000e+03	2.999997e+03	2.999980e+03	0.000000e+00	86	1.000000e+14
9.791575e+02	9.791575e+02	2.034606e+01	-4.931593e+02	-9.977630e-01	-9.988688e-01	2.000000e+03	2.999995e+03	2.999986e+03	0.000000e+00	87	1.000000e+14
9.791576e+02	9.791576e+02	2.034606e+01	-4.931593e+02	-9.973288e-01	-9.993199e-01	2.000000e+03	2.999996e+03	2.999977e+03	0.000000e+00	88	1.000000e+14
9.791576e+02	9.791576e+02	2.034606e+01	-4.931600e+02	-9.977452e-01	-9.993066e-01	2.000000e+03	2.999997e+03	2.999973e+03	0.000000e+00	89	1.000000e+14
9.791576e+02	9.791576e+02	2.034606e+01	-4.931593e+02	-9.977526e-01	-9.988688e-01	2.000000e+03	2.999996e+03	2.999973e+03	0.000000e+00	90	1.000000e+14
9.791576e+02	9.791576e+02	2.034606e+01	-4.931593e+02	-9.977526e-01	-9.988688e-01	2.000000e+03	2.999996e+03	2.999973e+03	0.000000e+00	90	1.000000e+14
9.791576e+02	9.791576e+02	2.034606e+01	-4.931593e+02	-9.977237e-01	-9.988656e-01	2.000000e+03	2.999995e+03	2.999986e+03	0.000000e+00	91	1.000000e+14
9.791576e+02	9.791576e+02	2.034606e+01	-4.931593e+02	-9.977242e-01	-9.988688e-01	2.000000e+03	2.999996e+03	2.999973e+03	0.000000e+00	92	1.000000e+14
9.791576e+02	9.791576e+02	2.034606e+01	-4.931593e+02	-9.977114e-01	-9.988617e-01	2.000000e+03	2.999996e+03	2.999973e+03	0.000000e+00	93	1.000000e+14
9.791576e+02	9.791576e+02	2.034606e+01	-4.931593e+02	-9.966958e-01	-9.998640e-01	2.000000e+03	2.999997e+03	2.999973e+03	0.000000e+00	94	1.000000e+14
9.791576e+02	9.791576e+02	2.034608e+01	-4.931593e+02	-9.977074e-01	-9.988688e-01	2.000000e+03	2.999995e+03	2.999986e+03	0.000000e+00	95	1.000000e+14
9.791576e+02	9.791576e+02	2.034607e+01	-4.931574e+02	-9.966186e-01	-9.988352e-01	2.000000e+03	2.999996e+03	2.999977e+03	0.000000e+00	96	1.000000e+14
9.791576e+02	9.791576e+02	2.034607e+01	-4.931594e+02	-9.977452e-01	-9.988547e-01	2.000000e+03	2.999996e+03	2.999993e+03	0.000000e+00	97	1.000000e+14
9.791576e+02	9.791576e+02	2.034606e+01	-4.931581e+02	-9.971096e-01	-9.987451e-01	2.000000e+03	2.999993e+03	2.999985e+03	0.000000e+00	98	1.000000e+14
9.791576e+02	9.791576e+02	2.034606e+01	-4.931581e+02	-9.971096e-01	-9.987451e-01	2.000000e+03	2.999993e+03	2.999985e+03	0.000000e+00	99	1.000000e+14
9.791576e+02	9.791576e+02	2.034607e+01	-4.931592e+02	-9.966432e-01	-9.998640e-01	2.000000e+03	2.999997e+03	2.999973e+03	0.000000e+00	100	1.000000e+14
9.791576e+02	9.791576e+02	2.034607e+01	-4.931581e+02	-9.971096e-01	-9.987451e-01	2.000000e+03	2.999997e+03	2.999973e+03	0.000000e+00	101	1.000000e+14
9.791576e+02	9.791576e+02	2.034606e+01	-4.931595e+02	-9.966681e-01	-9.998716e-01	2.000000e+03	2.999996e+03	2.999979e+03	0.000000e+00	102	1.000000e+14
9.791576e+02	9.791576e+02	2.034607e+01	-4.931594e+02	-9.966419e-01	-9.998523e-01	2.000000e+03	2.999997e+03	2.999995e+03	0.000000e+00	103	1.000000e+14
9.791576e+02	9.791576e+02	2.034607e+01	-4.931594e+02	-9.966419e-01	-9.998523e-01	2.000000e+03	2.999997e+03	2.999973e+03	0.000000e+00	104	1.000000e+14
9.791576e+02	9.791576e+02	2.034607e+01	-4.931578e+02	-9.966671e-01	-9.989285e-01	2.000000e+03	2.999997e+03	2.999978e+03	0.000000e+00	105	1.000000e+14
9.791576e+02	9.791576e+02	2.034607e+01	-4.931578e+02	-9.966671e-01	-9.989285e-01	2.000000e+03	2.999997e+03	2.999978e+03	0.000000e+00	106	1.000000e+14
9.791577e+02	9.791577e+02	2.034606e+01	-4.931595e+02	-9.966434e-01	-9.998819e-01	2.000000e+03	2.999996e+03	2.999974e+03	0.000000e+00	107	1.000000e+14
9.791577e+02	9.791577e+02	2.034606e+01	-4.931589e+02	-9.989443e-01	-9.972067e-01	2.000000e+03	3.000000e+03	2.999978e+03	0.000000e+00	108	1.000000e+14
9.791577e+02	9.791577e+02	2.034606e+01	-4.931576e+02	-9.966440e-01	-9.987429e-01	2.000000e+03	2.999995e+03	2.999985e+03	0.000000e+00	109	1.000000e+14
9.791577e+02	9.791577e+02	2.034607e+01	-4.931589e+02	-9.989443e-01	-9.972228e-01	2.000000e+03	3.000000e+03	2.999979e+03	0.000000e+00	110	1.000000e+14
9.791577e+02	9.791577e+02	2.034607e+01	-4.931595e+02	-9.977131e-01	-9.987859e-01	2.000000e+03	2.999998e+03	2.999973e+03	0.000000e+00	111	1.000000e+14
9.791577e+02	9.791577e+02	2.034607e+01	-4.931595e+02	-9.966434e-01	-9.998858e-01	2.000000e+03	2.999996e+03	2.999973e+03	0.000000e+00	112	1.000000e+14
9.791577e+02	9.791577e+02	2.034607e+01	-4.931595e+02	-9.966434e-01	-9.998848e-01	2.000000e+03	2.999996e+03	2.999973e+03	0.000000e+00	113	1.000000e+14
9.791577e+02	9.791577e+02	2.034607e+01	-4.931595e+02	-9.976566e-01	-9.988617e-01	2.000000e+03	2.999996e+03	2.999973e+03	0.000000e+00	114	1.000000e+14
9.791577e+02	9.791577e+02	2.034607e+01	-4.931595e+02	-9.966411e-01	-9.998640e-01	2.000000e+03	2.999997e+03	2.999973e+03	0.000000e+00	115	1.000000e+14
9.791577e+02	9.791577e+02	2.034607e+01	-4.931595e+02	-9.966411e-01	-9.998640e-01	2.000000e+03	2.999997e+03	2.999973e+03	0.000000e+00	116	1.000000e+14
9.791577e+02	9.791577e+02	2.034607e+01	-4.931595e+02	-9.966411e-01	-9.998439e-01	2.000000e+03	2.999996e+03	2.999973e+03	0.000000e+00	117	1.000000e+14
9.791577e+02	9.791577e+02	2.034607e+01	-4.931596e+02	-9.966411e-01	-9.998640e-01	2.000000e+03	2.999997e+03	2.999973e+03	0.000000e+00	118	1.000000e+14
9.791577e+02	9.791577e+02	2.034607e+01	-4.931596e+02	-9.966411e-01	-9.998640e-01	2.000000e+03	2.999997e+03	2.999973e+03	0.000000e+00	118	1.000000e+14
9.791577e+02	9.791577e+02	2.034607e+01	-4.931596e+02	-9.966411e-01	-9.998640e-01	2.000000e+03	2.999997e+03	2.999973e+03	0.000000e+00	119	1.000000e+14
9.791577e+02	9.791577e+02	2.034607e+01	-4.931595e+02	-9.965991e-01	-9.998640e-01	2.000000e+03	2.999997e+03	2.999973e+03	0.000000e+00	120	1.000000e+14
9.791577e+02	9.791577e+02	2.034606e+01	-4.931593e+02	-9.979645e-01	-9.983486e-01	2.000000e+03	3.000000e+03	2.999983e+03	0.000000e+00	121	1.000000e+14
9.791577e+02	9.791577e+02	2.034607e+01	-4.931597e+02	-9.966410e-01	-9.998668e-01	2.000000e+03	2.999999e+03	2.999973e+03	0.000000e+00	122	1.000000e+14
9.791577e+02	9.791577e+02	2.034607e+01	-4.931576e+02	-9.983693e-01	-9.969353e-01	2.000000e+03	2.999970e+03	2.999980e+03	0.000000e+00	123	1.000000e+14
9.791577e+02	9.791577e+02	2.034607e+01	-4.931576e+02	-9.983693e-01	-9.969353e-01	2.000000e+03	2.999969e+03	2.999980e+03	0.000000e+00	124	1.000000e+14
9.791577e+02	9.791577e+02	2.034607e+01	-4.931576e+02	-9.983693e-01	-9.969353e-01	2.000000e+03	2.999969e+03	2.999980e+03	0.000000e+00	124	1.000000e+14
9.791577e+02	9.791577e+02	2.034607e+01	-4.931597e+02	-9.966413e-01	-9.998640e-01	2.000000e+03	2.999997e+03	2.999978e+03	0.000000e+00	125	1.000000e+14
9.791577e+02	9.791577e+02	2.034607e+01	-4.931600e+02	-9.966642e-01	-9.999823e-01	2.000000e+03	2.999997e+03	2.999973e+03	0.000000e+00	126	1.000000e+14
9.791577e+02	9.791577e+02	2.034607e+01	-4.931606e+02	-9.984093e-01	-9.985763e-01	2.000000e+03	3.000000e+03	2.999977e+03	0.000000e+00	127	1.000000e+14
9.791577e+02	9.791577e+02	2.034607e+01	-4.931599e+02	-9.979924e-01	-9.986074e-01	2.000000e+03	2.999995e+03	2.999987e+03	0.000000e+00	128	1.000000e+14
9.791577e+02	9.791577e+02	2.034607e+01	-4.931600e+02	-9.966650e-01	-9.999770e-01	2.000000e+03	2.999997e+03	2.999986e+03	0.000000e+00	129	1.000000e+14
9.791577e+02	9.791577e+02	2.034606e+01	-4.931600e+02	-9.977452e-01	-9.988688e-01	2.000000e+03	2.999996e+03	2.999973e+03	0.000000e+00	130	1.000000e+14
9.791577e+02	9.791577e+02	2.034607e+01	-4.931593e+02	-9.980977e-01	-9.980946e-01	2.000000e+03	2.999996e+03	2.999983e+03	0.000000e+00	131	1.000000e+14
9.791577e+02	9.791577e+02	2.034607e+01	-4.931592e+02	-9.966426e-01	-9.994817e-01	2.000000e+03	2.999997e+03	2.999977e+03	0.000000e+00	132	1.000000e+14
9.791577e+02	9.791577e+02	2.034606e+01	-4.931600e+02	-9.977452e-01	-9.988171e-01	2.000000e+03	2.999999e+03	2.999973e+03	0.000000e+00	133	1.000000e+14
9.791577e+02	9.791577e+02	2.034606e+01	-4.931592e+02	-9.966636e-01	-9.994034e-01	2.000000e+03	3.000000e+03	2.999990e+03	0.000000e+00	134	1.000000e+14
9.791578e+02	9.791578e+02	2.034607e+01	-4.931593e+02	-9.980557e-01	-9.980946e-01	2.000000e+03	2.999996e+03	2.999983e+03	0.000000e+00	135	1.000000e+14
9.791578e+02	9.791578e+02	2.034606e+01	-4.931600e+02	-9.977452e-01	-9.987859e-01	2.000000e+03	2.999996e+03	2.999973e+03	0.000000e+00	136	1.000000e+14
9.791578e+02	9.791578e+02	2.034606e+01	-4.931600e+02	-9.966444e-01	-9.998640e-01	2.000000e+03	2.999997e+03	2.999973e+03	0.000000e+00	137	1.000000e+14
9.791578e+02	9.791578e+02	2.034606e+01	-4.931600e+02	-9.966444e-01	-9.998640e-01	2.000000e+03	2.999997e+03	2.999973e+03	0.000000e+00	137	1.000000e+14
9.791578e+02	9.791578e+02	2.034606e+01	-4.931600e+02	-9.966432e-01	-9.998640e-01	2.000000e+03	2.999997e+03	2.999973e+03	0.000000e+00	138	1.000000e+14
9.791578e+02	9.791578e+02	2.034606e+01	-4.931593e+02	-9.966673e-01	-9.994621e-01	2.000000e+03	2.999994e+03	2.999977e+03	0.000000e+00	139	1.000000e+14
9.791578e+02	9.791578e+02	2.034606e+01	-4.931600e+02	-9.977199e-01	-9.987859e-01	2.000000e+03	2.999995e+03	2.999973e+03	0.000000e+00	140	1.000000e+14
9.791578e+02	9.791578e+02	2.034606e+01	-4.931600e+02	-9.966419e-01	-9.998660e-01	2.000000e+03	2.999997e+03	2.999975e+03	0.000000e+00	141	1.000000e+14
9.791578e+02	9.791578e+02	2.034607e+01	-4.931600e+02	-9.966776e-01	-9.998268e-01	2.000000e+03	2.999996e+03	2.999985e+03	0.000000e+00	142	1.000000e+14
9.791578e+02	9.791578e+02	2.034606e+01	-4.931593e+02	-9.966433e-01	-9.993981e-01	2.000000e+03	2.999997e+03	2.999990e+03	0.000000e+00	143	1.000000e+14
9.791578e+02	9.791578e+02	2.034607e+01	-4.931600e+02	-9.966650e-01	-9.998198e-01	2.000000e+03	2.999997e+03	2.999985e+03	0.000000e+00	144	1.000000e+14
9.791578e+02	9.791578e+02	2.034607e+01	-4.931600e+02	-9.966648e-01	-9.998198e-01	2.000000e+03	2.999996e+03	2.999985e+03	0.000000e+00	145	1.000000e+14
9.791578e+02	9.791578e+02	2.034607e+01	-4.931600e+02	-9.966648e-01	-9.998198e-01	2.000000e+03	2.999996e+03	2.999985e+03	0.000000e+00	145	1.000000e+14
9.791578e+02	9.791578e+02	2.034607e+01	-4.931584e+02	-9.966393e-01	-9.989169e-01	2.000000e+03	2.999997e+03	2.999983e+03	0.000000e+00	146	1.000000e+14
9.791578e+02	9.791578e+02	2.034607e+01	-4.931600e+02	-9.976106e-01	-9.988688e-01	2.000000e+03	2.999996e+03	2.999973e+03	0.000000e+00	147	1.000000e+14
9.791578e+02	9.791578e+02	2.034606e+01	-4.931592e+02	-9.966455e-01	-9.993731e-01	2.000000e+03	2.999997e+03	2.999984e+03	0.000000e+00	148	1.000000e+14
9.791578e+02	9.791578e+02	2.034606e+01	-4.931592e+02	-9.966455e-01	-9.993731e-01	2.000000e+03	2.999997e+03	2.999984e+03	0.000000e+00	148	1.000000e+14
9.791578e+02	9.791578e+02	2.034607e+01	-4.931600e+02	-9.966403e-01	-9.998268e-01	2.000000e+03	2.999996e+03	2.999985e+03	0.000000e+00	149	1.000000e+14
9.791578e+02	9.791578e+02	2.034606e+01	-4.931582e+02	-9.966342e-01	-9.987451e-01	2.000000e+03	2.999993e+03	2.999978e+03	0.000000e+00	150	1.000000e+14
9.791578e+02	9.791578e+02	2.034606e+01	-4.931582e+02	-9.966342e-01	-9.987451e-01	2.000000e+03	2.999993e+03	2.999978e+03	0.000000e+00	151	1.000000e+14
9.791578e+02	9.791578e+02	2.034606e+01	-4.931608e+02	-9.979755e-01	-9.988680e-01	2.000000e+03	2.999996e+03	2.999997e+03	0.000000e+00	152	1.000000e+14
9.791578e+02	9.791578e+02	2.034606e+01	-4.931608e+02	-9.979751e-01	-9.988680e-01	2.000000e+03	2.999996e+03	2.999997e+03	0.000000e+00	153	1.000000e+14
9.791578e+02	9.791578e+02	2.034606e+01	-4.931608e+02	-9.979741e-01	-9.988680e-01	2.000000e+03	2.999996e+03	2.999997e+03	0.000000e+00	154	1.000000e+14
9.791578e+02	9.791578e+02	2.034607e+01	-4.931600e+02	-9.978176e-01	-9.986007e-01	2.000000e+03	3.000000e+03	2.999973e+03	0.000000e+00	155	1.000000e+14
9.791578e+02	9.791578e+02	2.034606e+01	-4.931592e+02	-9.966455e-01	-9.993163e-01	2.000000e+03	2.999997e+03	2.999984e+03	0.000000e+00	156	1.000000e+14
9.791578e+02	9.791578e+02	2.034606e+01	-4.931592e+02	-9.966455e-01	-9.993199e-01	2.000000e+03	2.999997e+03	2.999977e+03	0.000000e+00	157	1.000000e+14
9.791578e+02	9.791578e+02	2.034606e+01	-4.931592e+02	-9.966455e-01	-9.993199e-01	2.000000e+03	2.999997e+03	2.999977e+03	0.000000e+00	158	1.000000e+14
9.791578e+02	9.791578e+02	2.034606e+01	-4.931592e+02	-9.966600e-01	-9.993199e-01	2.000000e+03	2.999969e+03	2.999977e+03	0.000000e+00	159	1.000000e+14
9.791578e+02	9.791578e+02	2.034606e+01	-4.931592e+02	-9.966600e-01	-9.993199e-01	2.000000e+03	2.999969e+03	2.999977e+03	0.000000e+00	159	1.000000e+14
9.791578e+02	9.791578e+02	2.034606e+01	-4.931592e+02	-9.984182e-01	-9.975005e-01	2.000000e+03	2.999999e+03	2.999986e+03	0.000000e+00	160	1.000000e+14
9.791578e+02	9.791578e+02	2.034607e+01	-4.931595e+02	-9.966642e-01	-9.994847e-01	2.000000e+03	2.999997e+03	2.999973e+03	0.000000e+00	161	1.000000e+14
9.791578e+02	9.791578e+02	2.034606e+01	-4.931592e+02	-9.966456e-01	-9.993013e-01	2.000000e+03	2.999971e+03	2.999985e+03	0.000000e+00	162	1.000000e+14
9.791578e+02	9.791578e+02	2.034606e+01	-4.931582e+02	-9.965885e-01	-9.987379e-01	2.000000e+03	2.999997e+03	2.999978e+03	0.000000e+00	163	1.000000e+14
9.791578e+02	9.791578e+02	2.034606e+01	-4.931592e+02	-9.966273e-01	-9.993199e-01	2.000000e+03	2.999994e+03	2.999977e+03	0.000000e+00	164	1.000000e+14
9.791578e+02	9.791578e+02	2.034607e+01	-4.931592e+02	-9.966455e-01	-9.993247e-01	2.000000e+03	2.999997e+03	2.999977e+03	0.000000e+00	165	1.000000e+14
9.791578e+02	9.791578e+02	2.034606e+01	-4.931593e+02	-9.966715e-01	-9.993199e-01	2.000000e+03	2.999968e+03	2.999977e+03	0.000000e+00	166	1.000000e+14
9.791578e+02	9.791578e+02	2.034607e+01	-4.931592e+02	-9.966455e-01	-9.993199e-01	2.000000e+03	2.999966e+03	2.999977e+03	0.000000e+00	167	1.000000e+14
9.791578e+02	9.791578e+02	2.034606e+01	-4.931649e+02	-9.998112e-01	-9.994007e-01	2.000000e+03	3.000000e+03	2.999973e+03	0.000000e+00	168	1.000000e+14
9.791579e+02	9.791579e+02	2.034606e+01	-4.931589e+02	-9.966438e-01	-9.989930e-01	2.000000e+03	3.000000e+03	2.999984e+03	0.000000e+00	169	1.000000e+14
9.791579e+02	9.791579e+02	2.034607e+01	-4.931606e+02	-9.978050e-01	-9.988278e-01	2.000000e+03	2.999997e+03	2.999977e+03	0.000000e+00	170	1.000000e+14
9.791579e+02	9.791579e+02	2.034607e+01	-4.931600e+02	-9.966636e-01	-9.996046e-01	2.000000e+03	3.000000e+03	2.999991e+03	0.000000e+00	171	1.000000e+14
9.791579e+02	9.791579e+02	2.034607e+01	-4.931600e+02	-9.966642e-01	-9.999835e-01	2.000000e+03	2.999361e+03	2.999983e+03	0.000000e+00	172	1.000000e+14
9.791579e+02	9.791579e+02	2.034607e+01	-4.931592e+02	-9.966424e-01	-9.991017e-01	2.000000e+03	2.999995e+03	2.999998e+03	0.000000e+00	173	1.000000e+14
9.791579e+02	9.791579e+02	2.034607e+01	-4.931579e+02	-9.966731e-01	-9.983292e-01	2.000000e+03	2.999971e+03	2.999996e+03	0.000000e+00	174	1.000000e+14
9.791579e+02	9.791579e+02	2.034607e+01	-4.931579e+02	-9.966428e-01	-9.983571e-01	2.000000e+03	2.999971e+03	2.999997e+03	0.000000e+00	175	1.000000e+14
9.791579e+02	9.791579e+02	2.034607e+01	-4.931605e+02	-9.984137e-01	-9.981219e-01	2.000000e+03	2.999970e+03	2.999996e+03	0.000000e+00	176	1.000000e+14
9.791579e+02	9.791579e+02	2.034607e+01	-4.931587e+02	-9.966391e-01	-9.988489e-01	2.000000e+03	2.999995e+03	2.999983e+03	0.000000e+00	177	1.000000e+14
9.791579e+02	9.791579e+02	2.034607e+01	-4.931587e+02	-9.966391e-01	-9.988489e-01	2.000000e+03	2.999995e+03	2.999983e+03	0.000000e+00	177	1.000000e+14
9.791579e+02	9.791579e+02	2.034606e+01	-4.931600e+02	-9.966436e-01	-9.995246e-01	2.000000e+03	2.999997e+03	2.999974e+03	0.000000e+00	178	1.000000e+14
9.791579e+02	9.791579e+02	2.034606e+01	-4.931600e+02	-9.966434e-01	-9.995478e-01	2.000000e+03	2.999996e+03	2.999983e+03	0.000000e+00	179	1.000000e+14
9.791579e+02	9.791579e+02	2.034607e+01	-4.931600e+02	-9.966434e-01	-9.995746e-01	2.000000e+03	2.999999e+03	2.999984e+03	0.000000e+00	180	1.000000e+14
9.791579e+02	9.791579e+02	2.034606e+01	-4.931600e+02	-9.980557e-01	-9.980946e-01	2.000000e+03	2.999996e+03	2.999998e+03	0.000000e+00	181	1.000000e+14
9.791579e+02	9.791579e+02	2.034606e+01	-4.931593e+02	-9.966273e-01	-9.991184e-01	2.000000e+03	2.999996e+03	2.999973e+03	0.000000e+00	182	1.000000e+14
9.791579e+02	9.791579e+02	2.034606e+01	-4.931607e+02	-9.977249e-01	-9.988688e-01	2.000000e+03	2.999996e+03	2.999973e+03	0.000000e+00	183	1.000000e+14
9.791579e+02	9.791579e+02	2.034606e+01	-4.931599e+02	-9.966636e-01	-9.994351e-01	2.000000e+03	2.999995e+03	2.999984e+03	0.000000e+00	184	1.000000e+14
9.791579e+02	9.791579e+02	2.034606e+01	-4.931607e+02	-9.984799e-01	-9.981065e-01	2.000000e+03	2.999995e+03	2.999977e+03	0.000000e+00	185	1.000000e+14
9.791579e+02	9.791579e+02	2.034606e+01	-4.931600e+02	-9.966434e-01	-9.995221e-01	2.000000e+03	3.000000e+03	2.999984e+03	0.000000e+00	186	1.000000e+14
9.791579e+02	9.791579e+02	2.034605e+01	-4.931581e+02	-9.966627e-01	-9.983497e-01	2.000000e+03	2.999996e+03	2.999986e+03	0.000000e+00	187	1.000000e+14
9.791579e+02	9.791579e+02	2.034606e+01	-4.931587e+02	-9.966601e-01	-9.987451e-01	2.000000e+03	2.999998e+03	2.999990e+03	0.000000e+00	188	1.000000e+14
9.791579e+02	9.791579e+02	2.034606e+01	-4.931588e+02	-9.966158e-01	-9.988263e-01	2.000000e+03	2.999997e+03	2.999983e+03	0.000000e+00	189	1.000000e+14
9.791579e+02	9.791579e+02	2.034606e+01	-4.931597e+02	-9.965103e-01	-9.994842e-01	2.000000e+03	3.000000e+03	2.999977e+03	0.000000e+00	190	1.000000e+14
9.791579e+02	9.791579e+02	2.034606e+01	-4.931597e+02	-9.966520e-01	-9.992821e-01	2.000000e+03	2.999998e+03	2.999974e+03	0.000000e+00	191	1.000000e+14
9.791579e+02	9.791579e+02	2.034606e+01	-4.931586e+02	-9.965991e-01	-9.987451e-01	2.000000e+03	2.999965e+03	2.999989e+03	0.000000e+00	192	1.000000e+14
9.791579e+02	9.791579e+02	2.034607e+01	-4.931596e+02	-9.966648e-01	-9.992581e-01	2.000000e+03	3.000000e+03	2.999979e+03	0.000000e+00	193	1.000000e+14
9.791579e+02	9.791579e+02	2.034606e+01	-4.931587e+02	-9.966434e-01	-9.987451e-01	2.000000e+03	2.999967e+03	2.999990e+03	0.000000e+00	194	1.000000e+14
9.791579e+02	9.791579e+02	2.034606e+01	-4.931587e+02	-9.966434e-01	-9.987451e-01	2.000000e+03	2.999967e+03	2.999990e+03	0.000000e+00	194	1.000000e+14
9.791579e+02	9.791579e+02	2.034606e+01	-4.931631e+02	-9.988476e-01	-9.990841e-01	2.000000e+03	2.999995e+03	2.999973e+03	0.000000e+00	195	1.000000e+14
9.791579e+02	9.791579e+02	2.034607e+01	-4.931606e+02	-9.966480e-01	-9.998640e-01	2.000000e+03	2.999997e+03	2.999973e+03	0.000000e+00	196	1.000000e+14
9.791579e+02	9.791579e+02	2.034607e+01	-4.931587e+02	-9.966601e-01	-9.987451e-01	2.000000e+03	2.999967e+03	2.999990e+03	0.000000e+00	197	1.000000e+14
9.791579e+02	9.791579e+02	2.034607e+01	-4.931581e+02	-9.966665e-01	-9.983320e-01	2.000000e+03	2.999998e+03	2.999983e+03	0.000000e+00	198	1.000000e+14
9.791579e+02	9.791579e+02	2.034606e+01	-4.931600e+02	-9.966636e-01	-9.994351e-01	2.000000e+03	3.000000e+03	2.999990e+03	0.000000e+00	199	1.000000e+14
9.791579e+02	9.791579e+02	2.034606e+01	-4.931593e+02	-9.966434e-01	-9.990232e-01	2.000000e+03	2.999996e+03	2.999973e+03	0.000000e+00	200	1.000000e+14
9.791579e+02	9.791579e+02	2.034606e+01	-4.931593e+02	-9.966434e-01	-9.990232e-01	2.000000e+03	2.999996e+03	2.999973e+03	0.000000e+00	200	1.000000e+14
9.791579e+02	9.791579e+02	2.034606e+01	-4.931600e+02	-9.966641e-01	-9.994281e-01	2.000000e+03	2.999999e+03	2.999994e+03	0.000000e+00	201	1.000000e+14
9.791579e+02	9.791579e+02	2.034607e+01	-4.931580e+02	-9.966438e-01	-9.983304e-01	2.000000e+03	2.999997e+03	2.999996e+03	0.000000e+00	202	1.000000e+14
9.791579e+02	9.791579e+02	2.034607e+01	-4.931587e+02	-9.966434e-01	-9.987451e-01	2.000000e+03	2.999967e+03	2.999990e+03	0.000000e+00	203	1.000000e+14
9.791579e+02	9.791579e+02	2.034606e+01	-4.931587e+02	-9.965991e-01	-9.987451e-01	2.000000e+03	2.999967e+03	2.999990e+03	0.000000e+00	204	1.000000e+14
9.791579e+02	9.791579e+02	2.034606e+01	-4.931600e+02	-9.966670e-01	-9.993944e-01	2.000000e+03	2.999995e+03	2.999974e+03	0.000000e+00	205	1.000000e+14
9.791579e+02	9.791579e+02	2.034606e+01	-4.931600e+02	-9.966641e-01	-9.994135e-01	2.000000e+03	2.999999e+03	2.999994e+03	0.000000e+00	206	1.000000e+14
9.791579e+02	9.791579e+02	2.034606e+01	-4.931592e+02	-9.966658e-01	-9.989881e-01	2.000000e+03	2.999970e+03	2.999983e+03	0.000000e+00	207	1.000000e+14
9.791579e+02	9.791579e+02	2.034607e+01	-4.931580e+02	-9.966438e-01	-9.983292e-01	2.000000e+03	2.999970e+03	2.999996e+03	0.000000e+00	208	1.000000e+14
9.791579e+02	9.791579e+02	2.034607e+01	-4.931580e+02	-9.966438e-01	-9.983292e-01	2.000000e+03	2.999970e+03	2.999996e+03	0.000000e+00	209	1.000000e+14
9.791579e+02	9.791579e+02	2.034607e+01	-4.931606e+02	-9.976794e-01	-9.987859e-01	2.000000e+03	2.999995e+03	2.999973e+03	0.000000e+00	210	1.000000e+14
9.791579e+02	9.791579e+02	2.034606e+01	-4.931600e+02	-9.966636e-01	-9.994034e-01	2.000000e+03	3.000000e+03	2.999990e+03	0.000000e+00	211	1.000000e+14
9.791580e+02	9.791580e+02	2.034607e+01	-4.931608e+02	-9.966637e-01	-9.998568e-01	2.000000e+03	2.999996e+03	2.999989e+03	0.000000e+00	212	1.000000e+14
9.791580e+02	9.791580e+02	2.034606e+01	-4.931601e+02	-9.966636e-01	-9.994351e-01	2.000000e+03	2.999996e+03	2.999984e+03	0.000000e+00	213	1.000000e+14
9.791580e+02	9.791580e+02	2.034606e+01	-4.931599e+02	-9.966627e-01	-9.993262e-01	2.000000e+03	2.999996e+03	2.999986e+03	0.000000e+00	214	1.000000e+14
9.791580e+02	9.791580e+02	2.034607e+01	-4.931587e+02	-9.966663e-01	-9.986241e-01	2.000000e+03	2.999995e+03	2.999983e+03	0.000000e+00	215	1.000000e+14
9.791580e+02	9.791580e+02	2.034607e+01	-4.931587e+02	-9.966663e-01	-9.986241e-01	2.000000e+03	2.999995e+03	2.999983e+03	0.000000e+00	215	1.000000e+14
9.791580e+02	9.791580e+02	2.034606e+01	-4.931606e+02	-9.966426e-01	-9.997195e-01	2.000000e+03	2.999999e+03	2.999973e+03	0.000000e+00	216	1.000000e+14
9.791580e+02	9.791580e+02	2.034607e+01	-4.931596e+02	-9.966947e-01	-9.991082e-01	2.000000e+03	2.999999e+03	2.999973e+03	0.000000e+00	217	1.000000e+14
9.791580e+02	9.791580e+02	2.034606e+01	-4.931602e+02	-9.966453e-01	-9.994682e-01	2.000000e+03	2.999999e+03	2.999984e+03	0.000000e+00	218	1.000000e+14
9.791580e+02	9.791580e+02	2.034606e+01	-4.931602e+02	-9.966453e-01	-9.994673e-01	2.000000e+03	2.999997e+03	2.999984e+03	0.000000e+00	219	1.000000e+14
9.791580e+02	9.791580e+02	2.034606e+01	-4.931600e+02	-9.966745e-01	-9.993199e-01	2.000000e+03	2.999969e+03	2.999977e+03	0.000000e+00	220	1.000000e+14
9.791580e+02	9.791580e+02	2.034607e+01	-4.931588e+02	-9.964913e-01	-9.987852e-01	2.000000e+03	2.999997e+03	2.999983e+03	0.000000e+00	221	1.000000e+14
9.791580e+02	9.791580e+02	2.034607e+01	-4.931589e+02	-9.966394e-01	-9.986942e-01	2.000000e+03	2.999994e+03	2.999983e+03	0.000000e+00	222	1.000000e+14
9.791580e+02	9.791580e+02	2.034607e+01	-4.931599e+02	-9.966447e-01	-9.993128e-01	2.000000e+03	2.999968e+03	2.999978e+03	0.000000e+00	223	1.000000e+14
9.791580e+02	9.791580e+02	2.034606e+01	-4.931592e+02	-9.966658e-01	-9.988255e-01	2.000000e+03	2.999996e+03	2.999983e+03	0.000000e+00	224	1.000000e+14
9.791580e+02	9.791580e+02	2.034606e+01	-4.931592e+02	-9.966658e-01	-9.988254e-01	2.000000e+03	2.999999e+03	2.999983e+03	0.000000e+00	225	1.000000e+14
9.791580e+02	9.791580e+02	2.034606e+01	-4.931592e+02	-9.966658e-01	-9.988254e-01	2.000000e+03	2.999996e+03	2.999983e+03	0.000000e+00	226	1.000000e+14
9.791580e+02	9.791580e+02	2.034606e+01	-4.931603e+02	-9.966635e-01	-9.994441e-01	2.000000e+03	2.999996e+03	2.999978e+03	0.000000e+00	227	1.000000e+14
9.791580e+02	9.791580e+02	2.034607e+01	-4.931596e+02	-9.966438e-01	-9.991194e-01	2.000000e+03	2.999999e+03	2.999973e+03	0.000000e+00	228	1.000000e+14
9.791580e+02	9.791580e+02	2.034607e+01	-4.931596e+02	-9.966438e-01	-9.991186e-01	2.000000e+03	2.999997e+03	2.999973e+03	0.000000e+00	229	1.000000e+14
9.791580e+02	9.791580e+02	2.034606e+01	-4.931593e+02	-9.966715e-01	-9.988822e-01	2.000000e+03	2.999968e+03	2.999977e+03	0.000000e+00	230	1.000000e+14
9.791580e+02	9.791580e+02	2.034607e+01	-4.931592e+02	-9.966391e-01	-9.988648e-01	2.000000e+03	2.999995e+03	2.999986e+03	0.000000e+00	231	1.000000e+14
9.791580e+02	9.791580e+02	2.034607e+01	-4.931595e+02	-9.966445e-01	-9.990278e-01	2.000000e+03	2.999995e+03	2.999987e+03	0.000000e+00	232	1.000000e+14
9.791580e+02	9.791580e+02	2.034606e+01	-4.931593e+02	-9.964892e-01	-9.989881e-01	2.000000e+03	2.999997e+03	2.999983e+03	0.000000e+00	233	1.000000e+14
9.791580e+02	9.791580e+02	2.034606e+01	-4.931592e+02	-9.966658e-01	-9.988255e-01	2.000000e+03	2.999970e+03	2.999983e+03	0.000000e+00	234	1.000000e+14
9.791580e+02	9.791580e+02	2.034606e+01	-4.931592e+02	-9.965818e-01	-9.988611e-01	2.000000e+03	2.999970e+03	2.999996e+03	0.000000e+00	235	1.000000e+14
9.791580e+02	9.791580e+02	2.034606e+01	-4.931592e+02	-9.965818e-01	-9.988611e-01	2.000000e+03	2.999970e+03	2.999996e+03	0.000000e+00	235	1.000000e+14
9.791580e+02	9.791580e+02	2.034607e+01	-4.931592e+02	-9.966391e-01	-9.988228e-01	2.000000e+03	2.999995e+03	2.999979e+03	0.000000e+00	236	1.000000e+14
9.791580e+02	9.791580e+02	2.034607e+01	-4.931640e+02	-9.995986e-01	-9.986082e-01	2.000000e+03	2.999999e+03	2.999974e+03	0.000000e+00	237	1.000000e+14
9.791580e+02	9.791580e+02	2.034606e+01	-4.931608e+02	-9.967198e-01	-9.995648e-01	2.000000e+03	2.999998e+03	2.999996e+03	0.000000e+00	238	1.000000e+14
9.791580e+02	9.791580e+02	2.034606e+01	-4.931592e+02	-9.965489e-01	-9.988618e-01	2.000000e+03	2.999996e+03	2.999973e+03	0.000000e+00	239	1.000000e+14
9.791580e+02	9.791580e+02	2.034607e+01	-4.931590e+02	-9.966642e-01	-9.986071e-01	2.000000e+03	2.999996e+03	2.999986e+03	0.000000e+00	240	1.000000e+14
9.791580e+02	9.791580e+02	2.034607e+01	-4.931590e+02	-9.966642e-01	-9.986071e-01	2.000000e+03	2.999996e+03	2.999973e+03	0.000000e+00	241	1.000000e+14
9.791580e+02	9.791580e+02	2.034607e+01	-4.931606e+02	-9.966413e-01	-9.996052e-01	2.000000e+03	2.999994e+03	2.999978e+03	0.000000e+00	242	1.000000e+14
9.791580e+02	9.791580e+02	2.034607e+01	-4.931606e+02	-9.966413e-01	-9.996052e-01	2.000000e+03	2.999994e+03	2.999978e+03	0.000000e+00	242	1.000000e+14
9.791580e+02	9.791580e+02	2.034607e+01	-4.931597e+02	-9.966328e-01	-9.990278e-01	2.000000e+03	2.999995e+03	2.999987e+03	0.000000e+00	243	1.000000e+14
9.791580e+02	9.791580e+02	2.034606e+01	-4.931605e+02	-9.966426e-01	-9.994776e-01	2.000000e+03	2.999997e+03	2.999973e+03	0.000000e+00	244	1.000000e+14
9.791580e+02	9.791580e+02	2.034606e+01	-4.931605e+02	-9.966426e-01	-9.994776e-01	2.000000e+03	2.999997e+03	2.999973e+03	0.000000e+00	245	1.000000e+14
9.791581e+02	9.791581e+02	2.034606e+01	-4.931594e+02	-9.966658e-01	-9.988255e-01	2.000000e+03	2.999970e+03	2.999983e+03	0.000000e+00	246	1.000000e+14
9.791581e+02	9.791581e+02	2.034606e+01	-4.931591e+02	-9.966658e-01	-9.986378e-01	2.000000e+03	2.999969e+03	2.999983e+03	0.000000e+00	247	1.000000e+14
9.791581e+02	9.791581e+02	2.034606e+01	-4.931599e+02	-9.971419e-01	-9.986007e-01	2.000000e+03	3.000000e+03	2.999973e+03	0.000000e+00	248	1.000000e+14
9.791581e+02	9.791581e+02	2.034607e+01	-4.931597e+02	-9.965116e-01	-9.991414e-01	2.000000e+03	3.000000e+03	2.999973e+03	0.000000e+00	249	1.000000e+14
9.791581e+02	9.791581e+02	2.034607e+01	-4.931597e+02	-9.965116e-01	-9.991414e-01	2.000000e+03	3.000000e+03	2.999973e+03	0.000000e+00	249	1.000000e+14
9.791581e+02	9.791581e+02	2.034607e+01	-4.931597e+02	-9.965116e-01	-9.991414e-01	2.000000e+03	3.000000e+03	2.999977e+03	0.000000e+00	250	1.000000e+14
9.791581e+02	9.791581e+02	2.034606e+01	-4.931596e+02	-9.966740e-01	-9.988685e-01	2.000000e+03	3.000000e+03	2.999973e+03	0.000000e+00	251	1.000000e+14
9.791581e+02	9.791581e+02	2.034607e+01	-4.931597e+02	-9.965116e-01	-9.991414e-01	2.000000e+03	3.000000e+03	2.999973e+03	0.000000e+00	252	1.000000e+14
9.791581e+02	9.791581e+02	2.034607e+01	-4.931597e+02	-9.965116e-01	-9.991414e-01	2.000000e+03	3.000000e+03	2.999973e+03	0.000000e+00	253	1.000000e+14
9.791581e+02	9.791581e+02	2.034606e+01	-4.931596e+02	-9.966740e-01	-9.988685e-01	2.000000e+03	3.000000e+03	2.999973e+03	0.000000e+00	254	1.000000e+14
9.791581e+02	9.791581e+02	2.034606e+01	-4.931594e+02	-9.966255e-01	-9.988255e-01	2.000000e+03	2.999970e+03	2.999983e+03	0.000000e+00	255	1.000000e+14
9.791581e+02	9.791581e+02	2.034607e+01	-4.931596e+02	-9.966636e-01	-9.988964e-01	2.000000e+03	2.999997e+03	2.999998e+03	0.000000e+00	256	1.000000e+14
9.791581e+02	9.791581e+02	2.034606e+01	-4.931596e+02	-9.966574e-01	-9.988685e-01	2.000000e+03	3.000000e+03	2.999973e+03	0.000000e+00	257	1.000000e+14
9.791581e+02	9.791581e+02	2.034606e+01	-4.931606e+02	-9.966426e-01	-9.994770e-01	2.000000e+03	2.999997e+03	2.999973e+03	0.000000e+00	258	1.000000e+14
9.791581e+02	9.791581e+02	2.034607e+01	-4.931595e+02	-9.966649e-01	-9.987904e-01	2.000000e+03	3.000000e+03	2.999999e+03	0.000000e+00	259	1.000000e+14
9.791581e+02	9.791581e+02	2.034606e+01	-4.931606e+02	-9.966636e-01	-9.994034e-01	2.000000e+03	3.000000e+03	2.999990e+03	0.000000e+00	260	1.000000e+14
9.791581e+02	9.791581e+02	2.034606e+01	-4.931596e+02	-9.966577e-01	-9.988685e-01	2.000000e+03	3.000000e+03	2.999973e+03	0.000000e+00	261	1.000000e+14
9.791581e+02	9.791581e+02	2.034607e+01	-4.931606e+02	-9.966426e-01	-9.994770e-01	2.000000e+03	2.999996e+03	2.999978e+03	0.000000e+00	262	1.000000e+14
9.791581e+02	9.791581e+02	2.034606e+01	-4.931596e+02	-9.966577e-01	-9.988685e-01	2.000000e+03	3.000000e+03	2.999973e+03	0.000000e+00	263	1.000000e+14
9.791581e+02	9.791581e+02	2.034606e+01	-4.931607e+02	-9.966426e-01	-9.994770e-01	2.000000e+03	2.999996e+03	2.999973e+03	0.000000e+00	264	1.000000e+14
9.791581e+02	9.791581e+02	2.034607e+01	-4.931581e+02	-9.966665e-01	-9.979653e-01	2.000000e+03	2.999998e+03	2.999983e+03	0.000000e+00	265	1.000000e+14
9.791581e+02	9.791581e+02	2.034607e+01	-4.931581e+02	-9.966665e-01	-9.979653e-01	2.000000e+03	2.999998e+03	2.999983e+03	0.000000e+00	265	1.000000e+14
9.791581e+02	9.791581e+02	2.034607e+01	-4.931596e+02	-9.966637e-01	-9.988937e-01	2.000000e+03	2.999997e+03	2.999973e+03	0.000000e+00	266	1.000000e+14
9.791581e+02	9.791581e+02	2.034607e+01	-4.931581e+02	-9.966665e-01	-9.979641e-01	2.000000e+03	2.999998e+03	2.999983e+03	0.000000e+00	267	1.000000e+14
9.791581e+02	9.791581e+02	2.034606e+01	-4.931593e+02	-9.965440e-01	-9.988141e-01	2.000000e+03	2.999971e+03	2.999983e+03	0.000000e+00	268	1.000000e+14
9.791581e+02	9.791581e+02	2.034607e+01	-4.931595e+02	-9.966453e-01	-9.988278e-01	2.000000e+03	2.999997e+03	2.999990e+03	0.000000e+00	269	1.000000e+14
9.791581e+02	9.791581e+02	2.034607e+01	-4.931595e+02	-9.966650e-01	-9.987876e-01	2.000000e+03	3.000000e+03	2.999974e+03	0.000000e+00	270	1.000000e+14
9.791581e+02	9.791581e+02	2.034606e+01	-4.931597e+02	-9.966740e-01	-9.988916e-01	2.000000e+03	3.000000e+03	2.999975e+03	0.000000e+00	271	1.000000e+14
9.791581e+02	9.791581e+02	2.034607e+01	-4.931595e+02	-9.966941e-01	-9.987852e-01	2.000000e+03	2.999997e+03	2.999983e+03	0.000000e+00	272	1.000000e+14
9.791581e+02	9.791581e+02	2.034607e+01	-4.931595e+02	-9.966941e-01	-9.987852e-01	2.000000e+03	2.999997e+03	2.999983e+03	0.000000e+00	272	1.000000e+14
9.791581e+02	9.791581e+02	2.034606e+01	-4.931603e+02	-9.971197e-01	-9.987451e-01	2.000000e+03	2.999996e+03	2.999985e+03	0.000000e+00	273	1.000000e+14
9.791581e+02	9.791581e+02	2.034607e+01	-4.931587e+02	-9.966424e-01	-9.983903e-01	2.000000e+03	2.999969e+03	2.999984e+03	0.000000e+00	274	1.000000e+14
9.791581e+02	9.791581e+02	2.034607e+01	-4.931587e+02	-9.966424e-01	-9.983903e-01	2.000000e+03	2.999970e+03	2.999984e+03	0.000000e+00	275	1.000000e+14
9.791581e+02	9.791581e+02	2.034607e+01	-4.931587e+02	-9.966424e-01	-9.983903e-01	2.000000e+03	2.999970e+03	2.999984e+03	0.000000e+00	275	1.000000e+14
9.791581e+02	9.791581e+02	2.034606e+01	-4.931596e+02	-9.966576e-01	-9.988326e-01	2.000000e+03	3.000000e+03	2.999973e+03	0.000000e+00	276	1.000000e+14
9.791581e+02	9.791581e+02	2.034606e+01	-4.931597e+02	-9.966650e-01	-9.988931e-01	2.000000e+03	2.999997e+03	2.999978e+03	0.000000e+00	277	1.000000e+14
9.791581e+02	9.791581e+02	2.034607e+01	-4.931596e+02	-9.966585e-01	-9.988685e-01	2.000000e+03	3.000000e+03	2.999973e+03	0.000000e+00	278	1.000000e+14
9.791581e+02	9.791581e+02	2.034607e+01	-4.931596e+02	-9.966425e-01	-9.988677e-01	2.000000e+03	2.999997e+03	2.999996e+03	0.000000e+00	279	1.000000e+14
9.791581e+02	9.791581e+02	2.034607e+01	-4.931605e+02	-9.966712e-01	-9.993668e-01	2.000000e+03	2.999997e+03	2.999986e+03	0.000000e+00	280	1.000000e+14
9.791581e+02	9.791581e+02	2.034607e+01	-4.931596e+02	-9.966589e-01	-9.988263e-01	2.000000e+03	2.999997e+03	2.999996e+03	0.000000e+00	281	1.000000e+14
9.791581e+02	9.791581e+02	2.034606e+01	-4.931607e+02	-9.966426e-01	-9.994219e-01	2.000000e+03	3.000000e+03	2.999973e+03	0.000000e+00	282	1.000000e+14
9.791581e+02	9.791581e+02	2.034606e+01	-4.931607e+02	-9.967405e-01	-9.993519e-01	2.000000e+03	2.999995e+03	2.999997e+03	0.000000e+00	283	1.000000e+14
9.791581e+02	9.791581e+02	2.034607e+01	-4.931596e+02	-9.966426e-01	-9.988318e-01	2.000000e+03	2.999997e+03	2.999996e+03	0.000000e+00	284	1.000000e+14
9.791581e+02	9.791581e+02	2.034607e+01	-4.931596e+02	-9.966434e-01	-9.988318e-01	2.000000e+03	2.999997e+03	2.999996e+03	0.000000e+00	285	1.000000e+14
9.791581e+02	9.791581e+02	2.034607e+01	-4.931595e+02	-9.967874e-01	-9.986403e-01	2.000000e+03	2.999997e+03	2.999973e+03	0.000000e+00	286	1.000000e+14
9.791581e+02	9.791581e+02	2.034607e+01	-4.931593e+02	-9.966434e-01	-9.986408e-01	2.000000e+03	2.999996e+03	2.999983e+03	0.000000e+00	287	1.000000e+14
9.791581e+02	9.791581e+02	2.034607e+01	-4.931593e+02	-9.966434e-01	-9.986408e-01	2.000000e+03	2.999996e+03	2.999983e+03	0.000000e+00	288	1.000000e+14
9.791581e+02	9.791581e+02	2.034607e+01	-4.931640e+02	-9.997463e-01	-9.986408e-01	2.000000e+03	2.999413e+03	2.999983e+03	0.000000e+00	289	1.000000e+14
9.791581e+02	9.791581e+02	2.034607e+01	-4.931596e+02	-9.966642e-01	-9.987865e-01	2.000000e+03	2.999997e+03	2.999996e+03	0.000000e+00	290	1.000000e+14
9.791581e+02	9.791581e+02	2.034607e+01	-4.931595e+02	-9.966427e-01	-9.987443e-01	2.000000e+03	3.000000e+03	2.999971e+03	0.000000e+00	291	1.000000e+14
9.791581e+02	9.791581e+02	2.034606e+01	-4.931594e+02	-9.966604e-01	-9.986469e-01	2.000000e+03	2.999969e+03	2.999977e+03	0.000000e+00	292	1.000000e+14
9.791581e+02	9.791581e+02	2.034606e+01	-4.931594e+02	-9.966658e-01	-9.986589e-01	2.000000e+03	2.999970e+03	2.999983e+03	0.000000e+00	293	1.000000e+14
9.791581e+02	9.791581e+02	2.034607e+01	-4.931595e+02	-9.967874e-01	-9.985981e-01	2.000000e+03	2.999997e+03	2.999973e+03	0.000000e+00	294	1.000000e+14
9.791581e+02	9.791581e+02	2.034607e+01	-4.931595e+02	-9.967874e-01	-9.985981e-01	2.000000e+03	2.999997e+03	2.999973e+03	0.000000e+00	294	1.000000e+14
9.791581e+02	9.791581e+02	2.034606e+01	-4.931599e+02	-9.966464e-01	-9.989053e-01	2.000000e+03	2.999997e+03	2.999973e+03	0.000000e+00	295	1.000000e+14
9.791581e+02	9.791581e+02	2.034605e+01	-4.931599e+02	-9.966465e-01	-9.989029e-01	2.000000e+03	2.999997e+03	2.999978e+03	0.000000e+00	296	1.000000e+14
9.791581e+02	9.791581e+02	2.034607e+01	-4.931593e+02	-9.966434e-01	-9.985986e-01	2.000000e+03	2.999996e+03	2.999983e+03	0.000000e+00	297	1.000000e+14
9.791581e+02	9.791581e+02	2.034606e+01	-4.931599e+02	-9.966426e-01	-9.988946e-01	2.000000e+03	2.999997e+03	2.999973e+03	0.000000e+00	298	1.000000e+14
9.791581e+02	9.791581e+02	2.034607e+01	-4.931606e+02	-9.966831e-01	-9.992872e-01	2.000000e+03	2.999997e+03	2.999977e+03	0.000000e+00	299	1.000000e+14
9.791581e+02	9.791581e+02	2.034607e+01	-4.931595e+02	-9.967874e-01	-9.985703e-01	2.000000e+03	3.000000e+03	2.999973e+03	0.000000e+00	300	1.000000e+14
9.791581e+02	9.791581e+02	2.034607e+01	-4.931596e+02	-9.966433e-01	-9.987532e-01	2.000000e+03	2.999997e+03	2.999988e+03	0.000000e+00	301	1.000000e+14
9.791581e+02	9.791581e+02	2.034607e+01	-4.931597e+02	-9.966412e-01	-9.988439e-01	2.000000e+03	2.999997e+03	2.999973e+03	0.000000e+00	302	1.000000e+14
9.791581e+02	9.791581e+02	2.034607e+01	-4.931597e+02	-9.966407e-01	-9.988270e-01	2.000000e+03	2.999997e+03	2.999977e+03	0.000000e+00	303	1.000000e+14
9.791581e+02	9.791581e+02	2.034607e+01	-4.931599e+02	-9.966958e-01	-9.988539e-01	2.000000e+03	2.999995e+03	2.999987e+03	0.000000e+00	304	1.000000e+14
9.791581e+02	9.791581e+02	2.034606e+01	-4.931601e+02	-9.967711e-01	-9.988259e-01	2.000000e+03	2.999997e+03	2.999983e+03	0.000000e+00	305	1.000000e+14
9.791581e+02	9.791581e+02	2.034607e+01	-4.931597e+02	-9.966467e-01	-9.987853e-01	2.000000e+03	2.999990e+03	2.999977e+03	0.000000e+00	306	1.000000e+14
9.791581e+02	9.791581e+02	2.034607e+01	-4.931587e+02	-9.965169e-01	-9.983641e-01	2.000000e+03	2.999969e+03	2.999984e+03	0.000000e+00	307	1.000000e+14
9.791581e+02	9.791581e+02	2.034607e+01	-4.931595e+02	-9.966642e-01	-9.986569e-01	2.000000e+03	2.999996e+03	2.999973e+03	0.000000e+00	308	1.000000e+14
9.791581e+02	9.791581e+02	2.034606e+01	-4.931603e+02	-9.966435e-01	-9.990954e-01	2.000000e+03	2.999996e+03	2.999998e+03	0.000000e+00	309	1.000000e+14
9.791581e+02	9.791581e+02	2.034606e+01	-4.931600e+02	-9.966436e-01	-9.988932e-01	2.000000e+03	2.999997e+03	2.999974e+03	0.000000e+00	310	1.000000e+14
9.791581e+02	9.791581e+02	2.034606e+01	-4.931600e+02	-9.966433e-01	-9.988932e-01	2.000000e+03	2.999997e+03	2.999974e+03	0.000000e+00	311	1.000000e+14
9.791582e+02	9.791582e+02	2.034607e+01	-4.931596e+02	-9.966407e-01	-9.988700e-01	2.000000e+03	2.999997e+03	2.999744e+03	0.000000e+00	312	1.000000e+14
9.791582e+02	9.791582e+02	2.034606e+01	-4.931599e+02	-9.966627e-01	-9.988487e-01	2.000000e+03	2.999996e+03	2.999986e+03	0.000000e+00	313	1.000000e+14
9.791582e+02	9.791582e+02	2.034606e+01	-4.931596e+02	-9.966447e-01	-9.986445e-01	2.000000e+03	2.999998e+03	2.999985e+03	0.000000e+00	314	1.000000e+14
9.791582e+02	9.791582e+02	2.034606e+01	-4.931596e+02	-9.966439e-01	-9.986445e-01	2.000000e+03	2.999996e+03	2.999984e+03	0.000000e+00	315	1.000000e+14
9.791582e+02	9.791582e+02	2.034606e+01	-4.931597e+02	-9.966407e-01	-9.988931e-01	2.000000e+03	2.999997e+03	2.999746e+03	0.000000e+00	316	1.000000e+14
9.791582e+02	9.791582e+02	2.034607e+01	-4.931595e+02	-9.964913e-01	-9.987852e-01	2.000000e+03	2.999997e+03	2.999983e+03	0.000000e+00	317	1.000000e+14
9.791582e+02	9.791582e+02	2.034606e+01	-4.931602e+02	-9.966746e-01	-9.989835e-01	2.000000e+03	2.999997e+03	2.999998e+03	0.000000e+00	318	1.000000e+14
9.791582e+02	9.791582e+02	2.034606e+01	-4.931602e+02	-9.966746e-01	-9.989835e-01	2.000000e+03	2.999997e+03	2.999998e+03	0.000000e+00	319	1.000000e+14
9.791582e+02	9.791582e+02	2.034606e+01	-4.931600e+02	-9.966957e-01	-9.988278e-01	2.000000e+03	2.999969e+03	2.999977e+03	0.000000e+00	320	1.000000e+14
9.791582e+02	9.791582e+02	2.034606e+01	-4.931600e+02	-9.966433e-01	-9.988932e-01	2.000000e+03	2.999997e+03	2.999975e+03	0.000000e+00	321	1.000000e+14
9.791582e+02	9.791582e+02	2.034606e+01	-4.931596e+02	-9.966642e-01	-9.986018e-01	2.000000e+03	2.999998e+03	2.999999e+03	0.000000e+00	322	1.000000e+14
9.791582e+02	9.791582e+02	2.034606e+01	-4.931602e+02	-9.966645e-01	-9.989835e-01	2.000000e+03	2.999997e+03	2.999998e+03	0.000000e+00	323	1.000000e+14
9.791582e+02	9.791582e+02	2.034607e+01	-4.931595e+02	-9.966642e-01	-9.986070e-01	2.000000e+03	2.999997e+03	2.999973e+03	0.000000e+00	324	1.000000e+14
9.791582e+02	9.791582e+02	2.034607e+01	-4.931595e+02	-9.966642e-01	-9.986070e-01	2.000000e+03	2.999997e+03	2.999973e+03	0.000000e+00	325	1.000000e+14
9.791582e+02	9.791582e+02	2.034607e+01	-4.931595e+02	-9.966642e-01	-9.986007e-01	2.000000e+03	3.000000e+03	2.999979e+03	0.000000e+00	326	1.000000e+14
9.791582e+02	9.791582e+02	2.034607e+01	-4.931595e+02	-9.966676e-01	-9.985741e-01	2.000000e+03	2.999993e+03	2.999990e+03	0.000000e+00	327	1.000000e+14
9.791582e+02	9.791582e+02	2.034607e+01	-4.931595e+02	-9.966642e-01	-9.986018e-01	2.000000e+03	3.000000e+03	2.999973e+03	0.000000e+00	328	1.000000e+14
9.791582e+02	9.791582e+02	2.034607e+01	-4.931595e+02	-9.966642e-01	-9.986018e-01	2.000000e+03	3.000000e+03	2.999973e+03	0.000000e+00	328	1.000000e+14
9.791582e+02	9.791582e+02	2.034607e+01	-4.931595e+02	-9.966642e-01	-9.986007e-01	2.000000e+03	3.000000e+03	2.999973e+03	0.000000e+00	329	1.000000e+14
9.791582e+02	9.791582e+02	2.034607e+01	-4.931595e+02	-9.966642e-01	-9.986007e-01	2.000000e+03	3.000000e+03	2.999973e+03	0.000000e+00	329	1.000000e+14
9.791582e+02	9.791582e+02	2.034607e+01	-4.931595e+02	-9.966642e-01	-9.986007e-01	2.000000e+03	3.000000e+03	2.999973e+03	0.000000e+00	330	1.000000e+14
9.791582e+02	9.791582e+02	2.034606e+01	-4.931596e+02	-9.966642e-01	-9.985889e-01	2.000000e+03	2.999998e+03	3.000000e+03	0.000000e+00	331	1.000000e+14
9.791582e+02	9.791582e+02	2.034607e+01	-4.931597e+02	-9.966407e-01	-9.988931e-01	2.000000e+03	2.999997e+03	2.999746e+03	0.000000e+00	332	1.000000e+14
9.791582e+02	9.791582e+02	2.034607e+01	-4.931596e+02	-9.966447e-01	-9.986461e-01	2.000000e+03	2.999998e+03	2.999984e+03	0.000000e+00	333	1.000000e+14
9.791582e+02	9.791582e+02	2.034607e+01	-4.931640e+02	-9.995986e-01	-9.986408e-01	2.000000e+03	2.999413e+03	2.999983e+03	0.000000e+00	334	1.000000e+14
9.791582e+02	9.791582e+02	2.034607e+01	-4.931640e+02	-9.995986e-01	-9.986408e-01	2.000000e+03	2.999413e+03	2.999983e+03	0.000000e+00	334	1.000000e+14
9.791582e+02	9.791582e+02	2.034606e+01	-4.931600e+02	-9.977918e-01	-9.977259e-01	2.000000e+03	2.999971e+03	2.999985e+03	0.000000e+00	335	1.000000e+14
9.791582e+02	9.791582e+02	2.034607e+01	-4.931600e+02	-9.973403e-01	-9.981467e-01	2.000000e+03	3.000000e+03	2.999994e+03	0.000000e+00	336	1.000000e+14
9.791582e+02	9.791582e+02	2.034607e+01	-4.931595e+02	-9.966424e-01	-9.985906e-01	2.000000e+03	2.999995e+03	2.999998e+03	0.000000e+00	337	1.000000e+14
9.791582e+02	9.791582e+02	2.034607e+01	-4.931584e+02	-9.966394e-01	-9.979361e-01	2.000000e+03	2.999997e+03	2.999983e+03	0.000000e+00	338	1.000000e+14
9.791582e+02	9.791582e+02	2.034606e+01	-4.931600e+02	-9.966447e-01	-9.988390e-01	2.000000e+03	2.999969e+03	2.999977e+03	0.000000e+00	339	1.000000e+14
9.791582e+02	9.791582e+02	2.034607e+01	-4.931595e+02	-9.966364e-01	-9.985906e-01	2.000000e+03	2.999995e+03	2.999994e+03	0.000000e+00	340	1.000000e+14
9.791582e+02	9.791582e+02	2.034606e+01	-4.931600e+02	-9.966346e-01	-9.988663e-01	2.000000e+03	2.999997e+03	2.999979e+03	0.000000e+00	341	1.000000e+14
9.791582e+02	9.791582e+02	2.034606e+01	-4.931600e+02	-9.972988e-01	-9.981467e-01	2.000000e+03	2.999997e+03	2.999994e+03	0.000000e+00	342	1.000000e+14
9.791582e+02	9.791582e+02	2.034606e+01	-4.931592e+02	-9.966424e-01	-9.983790e-01	2.000000e+03	2.999995e+03	2.999998e+03	0.000000e+00	343	1.000000e+14
9.791582e+02	9.791582e+02	2.034607e+01	-4.931599e+02	-9.966444e-01	-9.988279e-01	2.000000e+03	2.999996e+03	2.999977e+03	0.000000e+00	344	1.000000e+14
9.791582e+02	9.791582e+02	2.034607e+01	-4.931599e+02	-9.966439e-01	-9.988279e-01	2.000000e+03	2.999996e+03	2.999977e+03	0.000000e+00	345	1.000000e+14
9.791582e+02	9.791582e+02	2.034607e+01	-4.931592e+02	-9.966642e-01	-9.983949e-01	2.000000e+03	3.000000e+03	2.999973e+03	0.000000e+00	346	1.000000e+14
9.791582e+02	9.791582e+02	2.034607e+01	-4.931600e+02	-9.966444e-01	-9.988278e-01	2.000000e+03	2.999996e+03	2.999977e+03	0.000000e+00	347	1.000000e+14
9.791582e+02	9.791582e+02	2.034607e+01	-4.931600e+02	-9.966444e-01	-9.988278e-01	2.000000e+03	2.999996e+03	2.999977e+03	0.000000e+00	348	1.000000e+14
9.791582e+02	9.791582e+02	2.034606e+01	-4.931592e+02	-9.966436e-01	-9.983591e-01	2.000000e+03	2.999995e+03	2.999998e+03	0.000000e+00	349	1.000000e+14
9.791582e+02	9.791582e+02	2.034607e+01	-4.931592e+02	-9.966424e-01	-9.983837e-01	2.000000e+03	2.999995e+03	2.999998e+03	0.000000e+00	350	1.000000e+14
9.791582e+02	9.791582e+02	2.034606e+01	-4.931601e+02	-9.966435e-01	-9.988259e-01	2.000000e+03	2.999999e+03	2.999983e+03	0.000000e+00	351	1.000000e+14
9.791582e+02	9.791582e+02	2.034607e+01	-4.931599e+02	-9.966522e-01	-9.987503e-01	2.000000e+03	3.000000e+03	2.999973e+03	0.000000e+00	352	1.000000e+14
9.791582e+02	9.791582e+02	2.034607e+01	-4.931592e+02	-9.966603e-01	-9.983591e-01	2.000000e+03	2.999995e+03	2.999998e+03	0.000000e+00	353	1.000000e+14
9.791582e+02	9.791582e+02	2.034606e+01	-4.931600e+02	-9.966645e-01	-9.987859e-01	2.000000e+03	2.999995e+03	2.999973e+03	0.000000e+00	354	1.000000e+14
9.791582e+02	9.791582e+02	2.034607e+01	-4.931605e+02	-9.966661e-01	-9.991108e-01	2.000000e+03	2.999997e+03	2.999983e+03	0.000000e+00	355	1.000000e+14
9.791582e+02	9.791582e+02	2.034607e+01	-4.931599e+02	-9.967784e-01	-9.986074e-01	2.000000e+03	2.999995e+03	2.999987e+03	0.000000e+00	356	1.000000e+14
9.791582e+02	9.791582e+02	2.034607e+01	-4.931592e+02	-9.965932e-01	-9.983920e-01	2.000000e+03	2.999996e+03	2.999973e+03	0.000000e+00	357	1.000000e+14
9.791582e+02	9.791582e+02	2.034607e+01	-4.931601e+02	-9.966453e-01	-9.988278e-01	2.000000e+03	2.999997e+03	2.999990e+03	0.000000e+00	358	1.000000e+14
9.791582e+02	9.791582e+02	2.034607e+01	-4.931607e+02	-9.971096e-01	-9.987680e-01	2.000000e+03	2.999998e+03	2.999977e+03	0.000000e+00	359	1.000000e+14
9.791582e+02	9.791582e+02	2.034607e+01	-4.931606e+02	-9.966433e-01	-9.991527e-01	2.000000e+03	2.999997e+03	2.999988e+03	0.000000e+00	360	1.000000e+14
9.791582e+02	9.791582e+02	2.034606e+01	-4.931599e+02	-9.966886e-01	-9.986445e-01	2.000000e+03	2.999996e+03	2.999984e+03	0.000000e+00	361	1.000000e+14
9.791582e+02	9.791582e+02	2.034606e+01	-4.931599e+02	-9.966886e-01	-9.986445e-01	2.000000e+03	2.999996e+03	2.999984e+03	0.000000e+00	361	0.000000e+00
9.791582e+02	9.791582e+02	2.034606e+01	-4.931599e+02	-9.966886e-01	-9.986445e-01	2.000000e+03	2.999996e+03	2.999984e+03	0.000000e+00	361	1.000000e+14
9.791582e+02	9.791582e+02	2.034606e+01	-4.931599e+02	-9.966886e-01	-9.986445e-01	2.000000e+03	2.999996e+03	2.999984e+03	0.000000e+00	362	1.000000e+14
9.791582e+02	9.791582e+02	2.034606e+01	-4.931599e+02	-9.966903e-01	-9.986445e-01	2.000000e+03	2.999996e+03	2.999977e+03	0.000000e+00	363	1.000000e+14
9.791582e+02	9.791582e+02	2.034606e+01	-4.931599e+02	-9.966903e-01	-9.986445e-01	2.000000e+03	2.999996e+03	2.999976e+03	0.000000e+00	364	1.000000e+14
9.791582e+02	9.791582e+02	2.034605e+01	-4.931606e+02	-9.966413e-01	-9.991103e-01	2.000000e+03	2.999997e+03	2.999978e+03	0.000000e+00	365	1.000000e+14
9.791582e+02	9.791582e+02	2.034606e+01	-4.931600e+02	-9.966433e-01	-9.987362e-01	2.000000e+03	3.000000e+03	2.999990e+03	0.000000e+00	366	1.000000e+14
9.791582e+02	9.791582e+02	2.034606e+01	-4.931587e+02	-9.966669e-01	-9.979586e-01	2.000000e+03	2.999967e+03	2.999998e+03	0.000000e+00	367	1.000000e+14
9.791582e+02	9.791582e+02	2.034606e+01	-4.931599e+02	-9.966313e-01	-9.987096e-01	2.000000e+03	2.999996e+03	2.999973e+03	0.000000e+00	368	1.000000e+14
9.791582e+02	9.791582e+02	2.034606e+01	-4.931599e+02	-9.966313e-01	-9.987096e-01	2.000000e+03	2.999996e+03	2.999973e+03	0.000000e+00	368	1.000000e+14
9.791582e+02	9.791582e+02	2.034606e+01	-4.931606e+02	-9.966637e-01	-9.990286e-01	2.000000e+03	3.000000e+03	2.999973e+03	0.000000e+00	369	1.000000e+14
9.791582e+02	9.791582e+02	2.034607e+01	-4.931595e+02	-9.966718e-01	-9.984319e-01	2.000000e+03	2.999968e+03	2.999990e+03	0.000000e+00	370	1.000000e+14
9.791582e+02	9.791582e+02	2.034606e+01	-4.931587e+02	-9.966665e-01	-9.979626e-01	2.000000e+03	2.999969e+03	2.999983e+03	0.000000e+00	371	1.000000e+14
9.791582e+02	9.791582e+02	2.034606e+01	-4.931587e+02	-9.966665e-01	-9.979361e-01	2.000000e+03	2.999995e+03	2.999983e+03	0.000000e+00	372	1.000000e+14
