# This file contains the data of initial population
# of objectives = 2, # of constraints = 0, # of real_var = 7, # of bits of bin_var = 0, constr_violation, rank, crowding_distance
2.275782e+04	2.275782e+04	2.401964e+01	-2.408096e+02	-9.457725e-01	-6.711832e-01	1.830206e+03	2.995891e+03	2.683835e+03	0.000000e+00	391	1.000000e+14
7.477597e+03	7.477597e+03	-1.683170e+01	-2.954162e+02	8.579762e-01	-8.507967e-01	1.928880e+03	2.070911e+03	2.771352e+03	0.000000e+00	188	1.000000e+14
1.241656e+04	1.241656e+04	2.369929e+01	-3.472626e+02	-4.270860e-01	4.052603e-01	1.825032e+03	2.614301e+03	2.623920e+03	0.000000e+00	313	1.000000e+14
2.331840e+03	2.331840e+03	1.353810e+01	-4.568413e+02	-4.881997e-01	2.034543e-01	1.741868e+03	2.932216e+03	2.344633e+03	0.000000e+00	28	1.000000e+14
6.248515e+03	6.248515e+03	-2.445982e+01	-3.469184e+02	-6.521493e-01	-2.437069e-01	1.878781e+03	2.966000e+03	2.251948e+03	0.000000e+00	146	1.000000e+14
1.016441e+04	1.016441e+04	1.293128e+01	-3.104842e+02	3.741051e-01	5.799525e-01	1.707383e+03	2.889567e+03	2.405260e+03	0.000000e+00	258	1.000000e+14
9.059255e+03	9.059255e+03	1.192535e+01	-3.163527e+02	-9.918293e-01	-4.241563e-01	1.711562e+03	2.176607e+03	2.896218e+03	0.000000e+00	239	1.000000e+14
1.594198e+04	1.594198e+04	1.042779e+00	-2.211038e+02	-7.073506e-01	-6.630565e-01	1.851385e+03	2.522181e+03	2.106406e+03	0.000000e+00	342	1.000000e+14
1.123888e+04	1.123888e+04	-2.633318e+01	-2.262619e+02	8.897823e-01	-2.716566e-01	1.998391e+03	2.429495e+03	2.267181e+03	0.000000e+00	283	1.000000e+14
7.140769e+03	7.140769e+03	-2.763472e+01	-2.991976e+02	-6.819904e-01	-8.249387e-02	1.883633e+03	2.607066e+03	2.086002e+03	0.000000e+00	179	1.000000e+14
8.065724e+03	8.065724e+03	-2.340902e+01	-2.580765e+02	-7.346310e-01	3.692953e-01	1.738797e+03	2.557163e+03	2.441092e+03	0.000000e+00	208	1.000000e+14
3.199749e+03	3.199749e+03	1.393113e+01	-4.761361e+02	-2.453392e-01	7.422038e-01	1.716087e+03	2.147445e+03	2.146100e+03	0.000000e+00	47	1.000000e+14
1.156210e+04	1.156210e+04	-1.937144e+01	-2.154047e+02	-1.923695e-02	8.531573e-01	1.791303e+03	2.556516e+03	2.172966e+03	0.000000e+00	294	1.000000e+14
3.071286e+03	3.071286e+03	2.518718e+01	-4.451270e+02	-3.424722e-01	5.594340e-01	1.799424e+03	2.566071e+03	2.927510e+03	0.000000e+00	42	1.000000e+14
1.137701e+04	1.137701e+04	1.589426e+00	-2.807724e+02	9.640612e-01	-1.111566e-01	1.908336e+03	2.140049e+03	2.058552e+03	0.000000e+00	288	1.000000e+14
3.223884e+03	3.223884e+03	1.284909e+01	-4.936920e+02	1.133392e-01	1.470594e-01	1.808012e+03	2.134535e+03	2.329853e+03	0.000000e+00	49	1.000000e+14
4.424897e+03	4.424897e+03	-6.697517e+00	-4.426384e+02	-8.460073e-01	-5.068290e-01	1.969208e+03	2.259704e+03	2.070493e+03	0.000000e+00	74	1.000000e+14
3.165629e+03	3.165629e+03	5.576009e+00	-3.406271e+02	-5.184485e-01	7.526154e-01	1.551985e+03	2.665428e+03	2.989740e+03	0.000000e+00	44	1.000000e+14
1.964019e+04	1.964019e+04	2.955812e+01	-3.121713e+02	5.268869e-01	7.227327e-02	1.942211e+03	2.385614e+03	2.506017e+03	0.000000e+00	375	1.000000e+14
1.756443e+04	1.756443e+04	1.567837e+01	-2.790299e+02	-7.953604e-01	5.181409e-01	1.977448e+03	2.100146e+03	2.702066e+03	0.000000e+00	360	1.000000e+14
9.089855e+03	9.089855e+03	3.117892e+00	-2.999377e+02	2.422803e-02	9.271660e-01	1.820862e+03	2.679011e+03	2.306602e+03	0.000000e+00	240	1.000000e+14
1.023144e+04	1.023144e+04	-1.651242e+01	-4.657133e+02	2.182179e-01	1.468721e-01	1.650707e+03	2.763047e+03	2.194622e+03	0.000000e+00	262	1.000000e+14
1.261864e+04	1.261864e+04	-2.414353e+01	-4.823576e+02	-3.786891e-01	-2.425138e-01	1.660993e+03	2.611832e+03	2.261956e+03	0.000000e+00	315	1.000000e+14
1.680573e+04	1.680573e+04	6.106472e+00	-2.385608e+02	-8.718812e-01	-6.467844e-02	1.908870e+03	2.424792e+03	2.549482e+03	0.000000e+00	348	1.000000e+14
1.317543e+04	1.317543e+04	-6.120855e+00	-2.180050e+02	4.272474e-01	-7.091692e-01	1.730692e+03	2.019497e+03	2.229829e+03	0.000000e+00	323	1.000000e+14
8.557503e+03	8.557503e+03	-1.336274e+00	-2.954943e+02	-9.872738e-01	2.132399e-01	1.839542e+03	2.613892e+03	2.304111e+03	0.000000e+00	227	1.000000e+14
7.952775e+03	7.952775e+03	-2.090330e+01	-4.177459e+02	-4.347035e-01	-7.216241e-01	1.817276e+03	2.697247e+03	2.268906e+03	0.000000e+00	206	1.000000e+14
4.936761e+03	4.936761e+03	-1.292518e+01	-3.997164e+02	-1.891740e-01	4.043211e-01	1.881041e+03	2.838341e+03	2.521459e+03	0.000000e+00	95	1.000000e+14
1.064340e+04	1.064340e+04	-2.695619e+01	-2.167743e+02	-1.762109e-01	-5.974363e-01	1.812458e+03	2.218430e+03	2.507669e+03	0.000000e+00	269	1.000000e+14
2.752368e+04	2.752368e+04	2.580149e+01	-2.121368e+02	9.946074e-01	2.228706e-01	1.960221e+03	2.814960e+03	2.919620e+03	0.000000e+00	399	1.000000e+14
1.385474e+04	1.385474e+04	1.056618e+01	-2.955511e+02	-8.938419e-01	-3.454973e-01	1.963839e+03	2.196362e+03	2.109382e+03	0.000000e+00	329	1.000000e+14
1.017332e+04	1.017332e+04	-1.645691e+01	-2.161394e+02	5.340184e-01	-3.858764e-02	1.568794e+03	2.196704e+03	2.315067e+03	0.000000e+00	259	1.000000e+14
5.302270e+03	5.302270e+03	-2.883706e-01	-3.086761e+02	6.271804e-02	-8.800929e-01	1.616263e+03	2.866293e+03	2.761244e+03	0.000000e+00	107	1.000000e+14
6.009860e+03	6.009860e+03	-1.851579e+01	-2.939001e+02	-9.940375e-01	8.647916e-01	1.625516e+03	2.824360e+03	2.346503e+03	0.000000e+00	130	1.000000e+14
6.561709e+03	6.561709e+03	-2.482280e+01	-3.215231e+02	5.034145e-02	-5.694301e-02	1.661352e+03	2.517571e+03	2.853573e+03	0.000000e+00	157	1.000000e+14
5.223904e+03	5.223904e+03	-1.393047e+01	-3.483630e+02	-1.059686e-01	-3.137053e-01	1.941856e+03	2.519371e+03	2.884132e+03	0.000000e+00	103	1.000000e+14
6.206330e+03	6.206330e+03	-1.923783e+01	-3.995035e+02	7.273446e-01	-9.459474e-01	1.910335e+03	2.927044e+03	2.027148e+03	0.000000e+00	141	1.000000e+14
1.502548e+04	1.502548e+04	1.477633e+01	-2.638775e+02	1.478771e-01	4.573457e-01	1.662349e+03	2.150932e+03	2.209968e+03	0.000000e+00	338	1.000000e+14
1.735006e+04	1.735006e+04	1.382249e+01	-2.570959e+02	-8.517901e-01	8.570721e-01	1.831183e+03	2.882571e+03	2.062489e+03	0.000000e+00	359	1.000000e+14
5.387059e+03	5.387059e+03	-1.514172e+01	-3.210278e+02	9.164359e-01	7.234311e-01	1.725697e+03	2.468168e+03	2.817077e+03	0.000000e+00	113	1.000000e+14
6.612354e+03	6.612354e+03	6.258929e+00	-4.901584e+02	-2.749431e-02	-8.415629e-01	1.593653e+03	2.462731e+03	2.362303e+03	0.000000e+00	160	1.000000e+14
1.498815e+04	1.498815e+04	2.112294e+01	-2.832716e+02	4.131335e-02	-9.706397e-01	1.636199e+03	2.157751e+03	2.556114e+03	0.000000e+00	337	1.000000e+14
1.088787e+04	1.088787e+04	2.176828e+01	-3.233127e+02	-4.795702e-01	-4.601338e-01	1.628499e+03	2.309608e+03	2.643741e+03	0.000000e+00	279	1.000000e+14
2.635715e+04	2.635715e+04	2.973728e+01	-2.375060e+02	-8.667291e-01	8.301114e-01	1.925663e+03	2.693117e+03	2.255770e+03	0.000000e+00	398	1.000000e+14
6.154455e+03	6.154455e+03	1.058200e+01	-3.307113e+02	-8.326666e-02	-8.500110e-01	1.652360e+03	2.225616e+03	2.772395e+03	0.000000e+00	139	1.000000e+14
5.302707e+03	5.302707e+03	-1.190757e+01	-3.287234e+02	5.371658e-01	-4.237449e-01	1.810505e+03	2.470160e+03	2.539747e+03	0.000000e+00	108	1.000000e+14
1.591870e+04	1.591870e+04	1.902640e+01	-3.143215e+02	3.334895e-01	-9.848179e-01	1.997927e+03	2.332582e+03	2.745248e+03	0.000000e+00	341	1.000000e+14
5.253654e+03	5.253654e+03	-1.409392e+01	-3.182163e+02	5.500555e-01	8.077438e-01	1.679355e+03	2.529321e+03	2.728085e+03	0.000000e+00	104	1.000000e+14
6.127675e+03	6.127675e+03	-1.436176e+01	-4.079529e+02	7.715304e-01	7.836172e-01	1.796860e+03	2.563921e+03	2.101418e+03	0.000000e+00	136	1.000000e+14
8.830850e+03	8.830850e+03	-2.697020e+01	-3.575201e+02	-8.941714e-02	7.764444e-02	1.580523e+03	2.196060e+03	2.581367e+03	0.000000e+00	235	1.000000e+14
9.754765e+03	9.754765e+03	-1.413834e+01	-2.187948e+02	2.350162e-02	-9.109874e-01	1.518898e+03	2.220594e+03	2.971108e+03	0.000000e+00	251	1.000000e+14
6.744081e+03	6.744081e+03	1.247550e+01	-3.842796e+02	-7.535175e-01	-1.350413e-01	1.974473e+03	2.790601e+03	2.672487e+03	0.000000e+00	167	1.000000e+14
8.794533e+03	8.794533e+03	2.187882e+01	-3.466781e+02	-5.933952e-01	-6.497624e-01	1.648731e+03	2.846249e+03	2.032100e+03	0.000000e+00	234	1.000000e+14
3.818607e+03	3.818607e+03	6.452155e+00	-4.723797e+02	-9.207127e-01	-5.884022e-01	1.801198e+03	2.305356e+03	2.574422e+03	0.000000e+00	61	1.000000e+14
6.506185e+03	6.506185e+03	-3.230927e+00	-4.890551e+02	-4.241423e-01	8.936953e-01	1.811003e+03	2.832622e+03	2.657000e+03	0.000000e+00	153	1.000000e+14
5.185696e+03	5.185696e+03	2.906558e+01	-4.305845e+02	-1.187310e-02	-9.635040e-01	1.762391e+03	2.085519e+03	2.009362e+03	0.000000e+00	101	1.000000e+14
7.862668e+03	7.862668e+03	-2.762903e+01	-2.420874e+02	9.723675e-01	-5.629239e-02	1.530887e+03	2.844698e+03	2.872537e+03	0.000000e+00	202	1.000000e+14
1.156046e+04	1.156046e+04	-2.100386e+01	-2.106800e+02	6.075498e-01	4.998173e-01	1.772442e+03	2.976432e+03	2.990503e+03	0.000000e+00	293	1.000000e+14
4.465828e+03	4.465828e+03	2.338467e+01	-4.364347e+02	-2.384087e-01	-5.276656e-01	1.869862e+03	2.213862e+03	2.367487e+03	0.000000e+00	77	1.000000e+14
3.189466e+03	3.189466e+03	5.907499e+00	-3.959118e+02	8.791681e-01	5.021706e-01	1.906389e+03	2.878463e+03	2.039219e+03	0.000000e+00	46	1.000000e+14
9.835235e+03	9.835235e+03	-2.150830e+01	-4.008737e+02	-1.501499e-01	3.926269e-01	1.533850e+03	2.803761e+03	2.342159e+03	0.000000e+00	252	1.000000e+14
4.756101e+03	4.756101e+03	-3.143882e-01	-4.311900e+02	2.237864e-01	-1.687774e-01	1.681269e+03	2.209984e+03	2.296760e+03	0.000000e+00	86	1.000000e+14
6.476325e+03	6.476325e+03	-2.555596e+01	-3.261917e+02	-9.529040e-01	-2.867785e-02	1.858708e+03	2.233341e+03	2.418607e+03	0.000000e+00	151	1.000000e+14
1.919527e+04	1.919527e+04	6.936012e+00	-2.062913e+02	-2.334909e-01	5.101950e-01	1.792218e+03	2.343203e+03	2.792009e+03	0.000000e+00	374	1.000000e+14
1.084414e+04	1.084414e+04	-1.905464e+01	-4.610916e+02	1.340277e-01	2.306621e-01	1.630322e+03	2.734324e+03	2.601862e+03	0.000000e+00	278	1.000000e+14
9.899654e+03	9.899654e+03	1.963791e+01	-3.380226e+02	-5.037532e-01	8.047298e-01	1.705571e+03	2.866196e+03	2.726223e+03	0.000000e+00	253	1.000000e+14
5.129019e+03	5.129019e+03	9.802799e+00	-4.991522e+02	-3.577670e-01	1.965227e-01	1.694229e+03	2.215204e+03	2.591863e+03	0.000000e+00	98	1.000000e+14
4.178543e+03	4.178543e+03	-8.691172e+00	-3.776352e+02	-9.584609e-01	3.920810e-01	1.954762e+03	2.574515e+03	2.715090e+03	0.000000e+00	69	1.000000e+14
1.249003e+04	1.249003e+04	-2.014311e+01	-2.114033e+02	-6.832472e-02	9.529251e-01	1.901117e+03	2.246637e+03	2.327002e+03	0.000000e+00	314	1.000000e+14
5.979792e+03	5.979792e+03	-1.795494e+01	-3.351756e+02	2.726290e-01	-5.856842e-01	1.987822e+03	2.475806e+03	2.190903e+03	0.000000e+00	128	1.000000e+14
2.021748e+04	2.021748e+04	1.850066e+01	-2.318607e+02	-2.754630e-01	6.509168e-01	1.698919e+03	2.919560e+03	2.069504e+03	0.000000e+00	378	1.000000e+14
3.429017e+03	3.429017e+03	1.852440e+01	-4.879977e+02	-1.596893e-01	-2.375728e-01	1.663086e+03	2.205960e+03	2.327460e+03	0.000000e+00	56	1.000000e+14
4.357915e+03	4.357915e+03	-1.077738e+01	-4.135012e+02	-8.802150e-01	-6.301809e-01	1.982774e+03	2.514202e+03	2.332767e+03	0.000000e+00	73	1.000000e+14
4.700112e+03	4.700112e+03	-1.365121e+01	-3.720323e+02	-5.595219e-01	-8.842956e-01	1.916213e+03	2.301111e+03	2.177368e+03	0.000000e+00	85	1.000000e+14
1.730226e+04	1.730226e+04	2.539677e+01	-2.963895e+02	-3.620932e-01	-1.870726e-01	1.775928e+03	2.934992e+03	2.026669e+03	0.000000e+00	356	1.000000e+14
5.361975e+03	5.361975e+03	1.167590e+01	-3.529759e+02	1.641280e-01	-4.917251e-01	1.713380e+03	2.104389e+03	2.777080e+03	0.000000e+00	111	1.000000e+14
5.111237e+03	5.111237e+03	1.739300e-02	-3.613218e+02	-6.106473e-02	9.483139e-01	1.950221e+03	2.980512e+03	2.491563e+03	0.000000e+00	97	1.000000e+14
1.352559e+03	1.352559e+03	1.823334e+01	-4.910630e+02	-8.952718e-01	5.942086e-01	1.935975e+03	2.401881e+03	2.341942e+03	0.000000e+00	5	1.000000e+14
9.981236e+03	9.981236e+03	-4.363395e+00	-2.603632e+02	4.064772e-01	-1.410413e-01	1.743720e+03	2.554603e+03	2.613247e+03	0.000000e+00	255	1.000000e+14
6.571253e+03	6.571253e+03	-1.105402e+01	-3.187598e+02	6.517625e-01	4.873993e-01	1.928996e+03	2.346220e+03	2.387886e+03	0.000000e+00	158	1.000000e+14
6.684793e+03	6.684793e+03	-2.523717e+01	-2.919959e+02	-6.766823e-01	4.434038e-03	1.651488e+03	2.220116e+03	2.629455e+03	0.000000e+00	165	1.000000e+14
5.812617e+03	5.812617e+03	-9.102637e+00	-3.032085e+02	-1.903289e-02	7.476694e-01	1.689289e+03	2.220041e+03	2.249222e+03	0.000000e+00	124	1.000000e+14
1.965434e+04	1.965434e+04	1.989078e+01	-2.444417e+02	8.772178e-01	2.384509e-01	1.711267e+03	2.868717e+03	2.746381e+03	0.000000e+00	376	1.000000e+14
1.663024e+04	1.663024e+04	1.344428e+01	-2.276248e+02	-9.222513e-01	-9.499830e-01	1.541866e+03	2.338631e+03	2.960044e+03	0.000000e+00	347	1.000000e+14
8.397827e+03	8.397827e+03	-2.001054e+01	-2.737876e+02	-4.580236e-01	2.644451e-01	1.917795e+03	2.313405e+03	2.651212e+03	0.000000e+00	221	1.000000e+14
1.012125e+04	1.012125e+04	1.993939e+01	-3.356354e+02	-9.191267e-01	1.000389e-01	1.701667e+03	2.808051e+03	2.376254e+03	0.000000e+00	257	1.000000e+14
1.560847e+04	1.560847e+04	2.007129e+01	-2.950704e+02	5.267383e-01	2.933705e-01	1.787186e+03	2.290758e+03	2.520401e+03	0.000000e+00	340	1.000000e+14
8.264490e+03	8.264490e+03	-7.649870e-01	-2.649032e+02	3.830034e-01	1.843578e-01	1.558449e+03	2.447158e+03	2.857756e+03	0.000000e+00	218	1.000000e+14
1.843578e+03	1.843578e+03	2.089521e+01	-3.907800e+02	3.035297e-01	-2.244150e-01	1.540786e+03	2.307853e+03	2.105952e+03	0.000000e+00	17	1.000000e+14
1.152001e+04	1.152001e+04	-2.477097e+01	-4.802650e+02	-9.953520e-01	-2.289612e-01	1.783062e+03	2.068144e+03	2.205176e+03	0.000000e+00	292	1.000000e+14
3.849777e+03	3.849777e+03	-8.145813e+00	-4.014597e+02	8.042670e-01	-2.370662e-01	1.981362e+03	2.032570e+03	2.315738e+03	0.000000e+00	62	1.000000e+14
1.460899e+04	1.460899e+04	2.531857e+01	-3.266449e+02	-5.480467e-01	-1.924483e-02	1.797988e+03	2.514726e+03	2.366249e+03	0.000000e+00	334	1.000000e+14
6.769855e+03	6.769855e+03	-1.863507e+01	-4.026890e+02	4.592776e-01	-5.474902e-01	1.824444e+03	2.446804e+03	2.981758e+03	0.000000e+00	168	1.000000e+14
7.828439e+03	7.828439e+03	2.833757e+01	-3.965469e+02	-9.218067e-01	-4.083265e-02	1.737060e+03	2.453055e+03	2.720374e+03	0.000000e+00	200	1.000000e+14
1.565445e+03	1.565445e+03	1.384798e+01	-4.007160e+02	3.047925e-01	4.258147e-01	1.647212e+03	2.996873e+03	2.187679e+03	0.000000e+00	10	1.000000e+14
1.039831e+04	1.039831e+04	-1.939347e+01	-4.322209e+02	8.549652e-01	-7.544237e-01	1.564059e+03	2.621999e+03	2.291700e+03	0.000000e+00	264	1.000000e+14
1.071517e+04	1.071517e+04	-2.982738e+01	-2.177034e+02	-8.003713e-01	-3.288802e-01	1.880554e+03	2.048054e+03	2.586200e+03	0.000000e+00	273	1.000000e+14
1.714248e+04	1.714248e+04	1.692190e+00	-2.202605e+02	6.914990e-01	-3.253114e-01	1.937115e+03	2.711840e+03	2.615560e+03	0.000000e+00	351	1.000000e+14
2.565444e+03	2.565444e+03	6.462521e+00	-3.846217e+02	5.500904e-01	7.115880e-01	1.544904e+03	2.994494e+03	2.455062e+03	0.000000e+00	36	1.000000e+14
8.882357e+03	8.882357e+03	-2.412843e+01	-2.394863e+02	-3.914462e-01	2.369823e-02	1.712630e+03	2.089601e+03	2.988810e+03	0.000000e+00	237	1.000000e+14
1.757867e+03	1.757867e+03	2.811181e+01	-4.465397e+02	-7.586308e-01	2.867802e-02	1.568004e+03	2.634948e+03	2.470614e+03	0.000000e+00	15	1.000000e+14
1.238171e+04	1.238171e+04	-1.036461e+01	-2.407930e+02	7.328243e-01	-8.630795e-01	1.972664e+03	2.875006e+03	2.241139e+03	0.000000e+00	312	1.000000e+14
2.281244e+03	2.281244e+03	9.474157e+00	-4.226465e+02	-6.068693e-01	-7.430128e-01	1.941701e+03	2.664926e+03	2.800670e+03	0.000000e+00	26	1.000000e+14
1.674374e+03	1.674374e+03	2.027289e+01	-4.598065e+02	-6.808260e-01	-1.124050e-01	1.902766e+03	2.882192e+03	2.426650e+03	0.000000e+00	13	1.000000e+14
2.001444e+04	2.001444e+04	2.782833e+01	-2.898166e+02	-4.190116e-01	4.415948e-01	1.861088e+03	2.661791e+03	2.864005e+03	0.000000e+00	377	1.000000e+14
8.692356e+03	8.692356e+03	2.402523e+01	-3.612984e+02	2.661811e-01	-8.921248e-01	1.678858e+03	2.411143e+03	2.256101e+03	0.000000e+00	231	1.000000e+14
1.319290e+03	1.319290e+03	2.349857e+01	-4.427397e+02	-4.217238e-01	-6.867756e-01	1.660542e+03	2.938272e+03	2.424582e+03	0.000000e+00	4	1.000000e+14
5.483038e+03	5.483038e+03	-7.534977e-02	-3.111030e+02	9.972209e-01	-7.484086e-01	1.644099e+03	2.678036e+03	2.457404e+03	0.000000e+00	115	1.000000e+14
8.378568e+03	8.378568e+03	-2.466386e+00	-3.048997e+02	-5.288234e-01	-6.547805e-01	1.918762e+03	2.273319e+03	2.506308e+03	0.000000e+00	220	1.000000e+14
1.287751e+04	1.287751e+04	-2.683871e+00	-2.562921e+02	-8.926276e-01	3.682759e-01	1.976000e+03	2.501290e+03	2.936761e+03	0.000000e+00	319	1.000000e+14
7.766430e+03	7.766430e+03	-1.450243e+01	-2.888264e+02	-2.306835e-01	-9.294604e-01	1.901030e+03	2.712086e+03	2.845780e+03	0.000000e+00	198	1.000000e+14
1.717632e+04	1.717632e+04	-1.106938e+00	-2.040818e+02	-9.169161e-01	-1.534022e-01	1.888158e+03	2.728217e+03	2.528002e+03	0.000000e+00	352	1.000000e+14
4.041433e+03	4.041433e+03	-2.821785e+00	-3.657564e+02	-5.682635e-01	-5.869556e-01	1.525822e+03	2.846734e+03	2.778201e+03	0.000000e+00	67	1.000000e+14
7.877830e+03	7.877830e+03	1.086541e+01	-3.342059e+02	-1.580914e-01	-6.942991e-01	1.776094e+03	2.506984e+03	2.155598e+03	0.000000e+00	204	1.000000e+14
3.200624e+03	3.200624e+03	-7.752933e-01	-3.666421e+02	-4.939130e-02	-8.655714e-02	1.719094e+03	2.457202e+03	2.206358e+03	0.000000e+00	48	1.000000e+14
8.105363e+03	8.105363e+03	-1.666228e+01	-3.807264e+02	5.203936e-01	-5.498685e-01	1.504963e+03	2.252371e+03	2.598689e+03	0.000000e+00	211	1.000000e+14
5.458358e+03	5.458358e+03	-6.668762e+00	-3.816773e+02	-6.871323e-01	4.413434e-01	1.542677e+03	2.302418e+03	2.260171e+03	0.000000e+00	114	1.000000e+14
4.473446e+03	4.473446e+03	2.802101e+00	-3.414380e+02	-7.015600e-02	-8.864720e-01	1.730728e+03	2.801571e+03	2.265724e+03	0.000000e+00	78	1.000000e+14
1.890619e+04	1.890619e+04	2.564736e+01	-2.513264e+02	1.595288e-01	-3.709855e-01	1.542791e+03	2.256485e+03	2.976469e+03	0.000000e+00	368	1.000000e+14
6.658726e+03	6.658726e+03	-3.948367e-01	-4.487217e+02	-6.447485e-01	-3.212736e-01	1.566796e+03	2.296536e+03	2.726807e+03	0.000000e+00	163	1.000000e+14
9.120645e+03	9.120645e+03	-2.216913e+01	-2.287689e+02	5.829480e-01	-3.999346e-01	1.624830e+03	2.216168e+03	2.495883e+03	0.000000e+00	241	1.000000e+14
6.367510e+03	6.367510e+03	2.756986e+01	-3.946163e+02	-4.270716e-01	1.590569e-01	1.663343e+03	2.907314e+03	2.130019e+03	0.000000e+00	147	1.000000e+14
8.209341e+03	8.209341e+03	-6.616714e+00	-4.399292e+02	-7.656217e-02	9.275657e-01	1.517715e+03	2.044670e+03	2.058215e+03	0.000000e+00	216	1.000000e+14
1.893882e+04	1.893882e+04	7.596247e+00	-2.214412e+02	-4.337636e-01	-3.034649e-01	1.903608e+03	2.088821e+03	2.144748e+03	0.000000e+00	370	1.000000e+14
8.106969e+03	8.106969e+03	2.641595e+01	-4.325634e+02	-7.482878e-01	9.022788e-01	1.986853e+03	2.967173e+03	2.201854e+03	0.000000e+00	212	1.000000e+14
1.728203e+04	1.728203e+04	3.456478e+00	-2.219766e+02	-8.565297e-01	2.026707e-01	1.902003e+03	2.963673e+03	2.793482e+03	0.000000e+00	355	1.000000e+14
2.609503e+03	2.609503e+03	2.105695e+00	-4.231124e+02	-8.204240e-02	-3.440881e-01	1.846675e+03	2.075811e+03	2.822660e+03	0.000000e+00	37	1.000000e+14
5.620391e+03	5.620391e+03	-7.775382e+00	-4.248374e+02	9.776887e-01	-2.874587e-01	1.751009e+03	2.004658e+03	2.952964e+03	0.000000e+00	119	1.000000e+14
4.759245e+03	4.759245e+03	1.906603e+01	-4.001422e+02	-9.043876e-01	3.171202e-01	1.784569e+03	2.887763e+03	2.749944e+03	0.000000e+00	87	1.000000e+14
8.082929e+03	8.082929e+03	-1.052479e+00	-3.152434e+02	6.640758e-02	-2.555618e-01	1.936864e+03	2.930743e+03	2.872280e+03	0.000000e+00	209	1.000000e+14
2.117237e+04	2.117237e+04	1.610210e+01	-2.336085e+02	-5.744596e-01	3.485184e-01	1.903837e+03	2.637760e+03	2.572259e+03	0.000000e+00	383	1.000000e+14
1.917601e+03	1.917601e+03	1.686599e+01	-3.814091e+02	9.788965e-01	5.119237e-01	1.548471e+03	2.281706e+03	2.655650e+03	0.000000e+00	20	1.000000e+14
7.401807e+03	7.401807e+03	-1.571439e+01	-4.396413e+02	-1.750375e-02	-2.973640e-01	1.834325e+03	2.185389e+03	2.053018e+03	0.000000e+00	186	1.000000e+14
7.207188e+03	7.207188e+03	-2.154045e+01	-2.812834e+02	-9.287257e-01	-8.485967e-01	1.790356e+03	2.860836e+03	2.448619e+03	0.000000e+00	181	1.000000e+14
1.652681e+04	1.652681e+04	1.927314e+01	-2.732908e+02	8.245015e-01	3.257230e-01	1.713678e+03	2.380962e+03	2.494580e+03	0.000000e+00	346	1.000000e+14
1.098206e+03	1.098206e+03	2.351413e+01	-4.776305e+02	6.927362e-01	5.331297e-01	1.875884e+03	2.326519e+03	2.981541e+03	0.000000e+00	2	1.000000e+14
4.834601e+03	4.834601e+03	-7.250666e+00	-3.580486e+02	3.224147e-02	4.935400e-01	1.510444e+03	2.446822e+03	2.540154e+03	0.000000e+00	92	1.000000e+14
9.211401e+03	9.211401e+03	2.714952e+01	-3.465850e+02	-1.497825e-01	-7.809528e-01	1.558291e+03	2.856118e+03	2.225110e+03	0.000000e+00	242	1.000000e+14
2.267376e+03	2.267376e+03	1.712480e+01	-4.120108e+02	-3.738133e-01	4.917152e-01	1.748847e+03	2.934732e+03	2.643534e+03	0.000000e+00	25	1.000000e+14
1.140857e+04	1.140857e+04	9.775753e+00	-2.676739e+02	4.355732e-01	6.170688e-01	1.569765e+03	2.491324e+03	2.180307e+03	0.000000e+00	289	1.000000e+14
8.497295e+03	8.497295e+03	-2.733440e+01	-2.566507e+02	4.323172e-01	3.480110e-01	1.813954e+03	2.031469e+03	2.612472e+03	0.000000e+00	224	1.000000e+14
7.940003e+03	7.940003e+03	-1.922883e+01	-2.448225e+02	5.905968e-01	1.350771e-01	1.567763e+03	2.075361e+03	2.258004e+03	0.000000e+00	205	1.000000e+14
1.363942e+03	1.363942e+03	2.865114e+01	-4.950570e+02	5.676448e-01	4.360656e-01	1.860080e+03	2.174116e+03	2.266031e+03	0.000000e+00	7	1.000000e+14
2.392249e+03	2.392249e+03	1.241032e+01	-4.174276e+02	1.429229e-01	-4.358151e-01	1.585189e+03	2.662997e+03	2.799166e+03	0.000000e+00	30	1.000000e+14
1.842216e+04	1.842216e+04	2.329271e+01	-2.854097e+02	-1.831677e-01	-4.653960e-01	1.844781e+03	2.157194e+03	2.943845e+03	0.000000e+00	365	1.000000e+14
1.077524e+04	1.077524e+04	-1.262499e+01	-4.897513e+02	7.171586e-01	7.571972e-01	1.604317e+03	2.001591e+03	2.575264e+03	0.000000e+00	274	1.000000e+14
3.652614e+03	3.652614e+03	5.576019e+00	-3.284774e+02	-5.366738e-01	-5.442138e-01	1.536037e+03	2.380837e+03	2.604043e+03	0.000000e+00	59	1.000000e+14
1.165204e+04	1.165204e+04	-2.671262e+01	-4.971894e+02	-4.973648e-01	5.520448e-01	1.885946e+03	2.777125e+03	2.121602e+03	0.000000e+00	301	1.000000e+14
1.162814e+04	1.162814e+04	3.537898e+00	-2.809518e+02	-3.233494e-01	9.946135e-01	1.876947e+03	2.300921e+03	2.641958e+03	0.000000e+00	299	1.000000e+14
2.086103e+04	2.086103e+04	1.762245e+01	-2.023177e+02	8.518309e-02	7.238804e-03	1.513170e+03	2.749626e+03	2.645333e+03	0.000000e+00	382	1.000000e+14
1.594363e+03	1.594363e+03	1.270496e+01	-3.988412e+02	-7.677674e-01	-7.613481e-01	1.628331e+03	2.455521e+03	2.499219e+03	0.000000e+00	11	1.000000e+14
4.908099e+03	4.908099e+03	1.797422e+01	-3.485096e+02	-9.024506e-01	-7.919360e-01	1.534503e+03	2.549887e+03	2.717994e+03	0.000000e+00	94	1.000000e+14
2.122633e+04	2.122633e+04	9.271389e+00	-2.100857e+02	-9.047920e-01	-2.730276e-01	1.975785e+03	2.746992e+03	2.530543e+03	0.000000e+00	384	1.000000e+14
2.634613e+03	2.634613e+03	1.993433e+01	-4.613082e+02	1.266011e-01	-4.203168e-01	1.619034e+03	2.476817e+03	2.452416e+03	0.000000e+00	39	1.000000e+14
2.136365e+04	2.136365e+04	2.850007e+01	-2.682884e+02	-4.549946e-01	7.517377e-01	1.777634e+03	2.950758e+03	2.940364e+03	0.000000e+00	386	1.000000e+14
5.705680e+03	5.705680e+03	1.208586e+01	-4.825916e+02	-7.652641e-01	6.214870e-01	1.536999e+03	2.195479e+03	2.778590e+03	0.000000e+00	122	1.000000e+14
2.489568e+03	2.489568e+03	5.479999e+00	-3.599708e+02	8.433083e-01	-6.561036e-01	1.539329e+03	2.503866e+03	2.754206e+03	0.000000e+00	33	1.000000e+14
1.103919e+04	1.103919e+04	-2.605355e+01	-4.846390e+02	-8.973215e-01	9.545076e-01	1.886704e+03	2.439247e+03	2.461327e+03	0.000000e+00	282	1.000000e+14
4.214479e+03	4.214479e+03	3.650861e+00	-4.494295e+02	-3.674033e-01	5.081800e-01	1.720595e+03	2.682202e+03	2.694224e+03	0.000000e+00	70	1.000000e+14
2.371905e+04	2.371905e+04	2.848658e+01	-2.274340e+02	-4.191699e-01	9.171065e-01	1.625615e+03	2.732869e+03	2.794433e+03	0.000000e+00	394	1.000000e+14
2.334899e+04	2.334899e+04	2.813679e+01	-2.421139e+02	-6.052706e-01	3.624356e-01	1.739670e+03	2.780900e+03	2.151719e+03	0.000000e+00	392	1.000000e+14
1.783729e+04	1.783729e+04	1.739354e+01	-2.448215e+02	5.534821e-01	8.319393e-01	1.641924e+03	2.658703e+03	2.018282e+03	0.000000e+00	361	1.000000e+14
2.807693e+03	2.807693e+03	5.418017e+00	-4.455067e+02	1.609846e-01	-9.155912e-01	1.824974e+03	2.742878e+03	2.806798e+03	0.000000e+00	40	1.000000e+14
7.828332e+03	7.828332e+03	-6.930063e+00	-4.951068e+02	-7.898963e-01	-3.282832e-01	1.790613e+03	2.910116e+03	2.987425e+03	0.000000e+00	199	1.000000e+14
9.506202e+03	9.506202e+03	-2.155473e+01	-4.939312e+02	-4.224696e-01	3.065418e-01	1.988732e+03	2.149805e+03	2.767356e+03	0.000000e+00	247	1.000000e+14
1.283568e+04	1.283568e+04	-6.441816e+00	-2.123085e+02	-3.146512e-01	6.978928e-01	1.639841e+03	2.980355e+03	2.126364e+03	0.000000e+00	318	1.000000e+14
3.620316e+03	3.620316e+03	9.980989e+00	-4.966363e+02	2.687862e-01	-4.045931e-01	1.838957e+03	2.869724e+03	2.572695e+03	0.000000e+00	58	1.000000e+14
2.332513e+03	2.332513e+03	1.255138e+01	-4.854687e+02	-4.723883e-01	1.842289e-01	1.887102e+03	2.680181e+03	2.206349e+03	0.000000e+00	29	1.000000e+14
5.699414e+03	5.699414e+03	-1.680601e+01	-3.405760e+02	4.239678e-01	-2.234736e-01	1.596374e+03	2.447218e+03	2.001649e+03	0.000000e+00	121	1.000000e+14
1.219023e+04	1.219023e+04	-1.765020e-01	-2.193157e+02	-6.850323e-01	9.847061e-01	1.503535e+03	2.292597e+03	2.503731e+03	0.000000e+00	308	1.000000e+14
6.198486e+03	6.198486e+03	1.264607e+01	-3.591471e+02	8.815177e-01	3.888801e-01	1.771496e+03	2.792385e+03	2.242107e+03	0.000000e+00	140	1.000000e+14
7.390076e+03	7.390076e+03	-4.507769e+00	-4.611473e+02	-2.773489e-01	-2.425953e-01	1.637720e+03	2.752491e+03	2.827482e+03	0.000000e+00	184	1.000000e+14
1.498364e+04	1.498364e+04	2.049284e+01	-3.045133e+02	-3.918682e-02	-5.716194e-01	1.804936e+03	2.400283e+03	2.951902e+03	0.000000e+00	336	1.000000e+14
6.239277e+03	6.239277e+03	2.780021e+00	-3.330951e+02	5.519040e-01	-4.608249e-01	1.828427e+03	2.725591e+03	2.316772e+03	0.000000e+00	144	1.000000e+14
6.834650e+03	6.834650e+03	-2.451593e+01	-3.484043e+02	-1.283868e-01	-1.102920e-01	1.721593e+03	2.347864e+03	2.669735e+03	0.000000e+00	173	1.000000e+14
2.375690e+04	2.375690e+04	2.930191e+01	-2.481131e+02	8.934429e-01	6.772680e-01	1.777364e+03	2.739493e+03	2.317223e+03	0.000000e+00	395	1.000000e+14
1.134876e+04	1.134876e+04	-2.387327e+01	-2.036060e+02	-5.183091e-01	8.017684e-01	1.722650e+03	2.721106e+03	2.666027e+03	0.000000e+00	287	1.000000e+14
5.601533e+03	5.601533e+03	3.776403e-02	-4.199714e+02	3.805954e-01	5.745559e-01	1.533962e+03	2.265914e+03	2.026324e+03	0.000000e+00	118	1.000000e+14
6.215668e+03	6.215668e+03	5.573683e+00	-4.925886e+02	1.092533e-01	9.055229e-01	1.647693e+03	2.586237e+03	2.574782e+03	0.000000e+00	143	1.000000e+14
4.008611e+03	4.008611e+03	7.309941e+00	-4.815562e+02	-6.533431e-01	5.290230e-01	1.793318e+03	2.940663e+03	2.206323e+03	0.000000e+00	66	1.000000e+14
7.180573e+03	7.180573e+03	1.555802e+01	-3.355509e+02	-7.815153e-01	-7.329574e-01	1.630802e+03	2.841394e+03	2.769072e+03	0.000000e+00	180	1.000000e+14
5.091449e+03	5.091449e+03	1.248167e+01	-4.988979e+02	2.610618e-01	-7.346075e-01	1.646034e+03	2.536775e+03	2.552557e+03	0.000000e+00	96	1.000000e+14
9.512626e+03	9.512626e+03	-2.157474e+01	-2.424148e+02	7.368085e-01	4.520635e-01	1.804128e+03	2.815037e+03	2.075112e+03	0.000000e+00	248	1.000000e+14
1.295851e+04	1.295851e+04	-8.394908e+00	-2.306087e+02	-3.031924e-01	9.603859e-01	1.884530e+03	2.992870e+03	2.854459e+03	0.000000e+00	320	1.000000e+14
1.502640e+03	1.502640e+03	2.875448e+01	-4.821530e+02	3.524548e-01	-9.738429e-01	1.831176e+03	2.870098e+03	2.134066e+03	0.000000e+00	8	1.000000e+14
7.008867e+03	7.008867e+03	-6.106191e+00	-4.295839e+02	8.550065e-01	-1.854072e-01	1.578960e+03	2.866863e+03	2.416449e+03	0.000000e+00	177	1.000000e+14
1.713780e+04	1.713780e+04	1.437539e+01	-2.367050e+02	8.706016e-01	3.765313e-01	1.613189e+03	2.641639e+03	2.292420e+03	0.000000e+00	350	1.000000e+14
1.053790e+04	1.053790e+04	-1.917248e+01	-2.269841e+02	2.147905e-01	7.623463e-01	1.765048e+03	2.746222e+03	2.885811e+03	0.000000e+00	266	1.000000e+14
1.318005e+04	1.318005e+04	-1.565137e+01	-2.001634e+02	7.267479e-01	3.464587e-01	1.767176e+03	2.780525e+03	2.596377e+03	0.000000e+00	324	1.000000e+14
3.325007e+03	3.325007e+03	-1.643303e+00	-4.202500e+02	7.512378e-01	5.943695e-01	1.837454e+03	2.205120e+03	2.170352e+03	0.000000e+00	52	1.000000e+14
5.576085e+03	5.576085e+03	8.521576e+00	-4.746823e+02	-3.683280e-01	2.691563e-01	1.582529e+03	2.752690e+03	2.016798e+03	0.000000e+00	117	1.000000e+14
4.592277e+03	4.592277e+03	1.909847e+01	-4.298086e+02	7.664976e-01	5.074520e-01	1.927502e+03	2.115867e+03	2.386261e+03	0.000000e+00	82	1.000000e+14
7.682645e+03	7.682645e+03	-2.148742e+01	-4.302338e+02	-8.680487e-01	-2.050262e-01	1.934116e+03	2.522611e+03	2.559813e+03	0.000000e+00	196	1.000000e+14
3.016487e+03	3.016487e+03	1.334299e+01	-4.289166e+02	3.178603e-02	5.649412e-01	1.550306e+03	2.105012e+03	2.712591e+03	0.000000e+00	41	1.000000e+14
6.139249e+03	6.139249e+03	-1.904333e+01	-2.985596e+02	-1.838598e-01	-1.846636e-01	1.704586e+03	2.426733e+03	2.055050e+03	0.000000e+00	138	1.000000e+14
5.254150e+03	5.254150e+03	-5.083308e-01	-3.515262e+02	-2.235607e-01	2.733543e-02	1.909917e+03	2.841657e+03	2.131223e+03	0.000000e+00	105	1.000000e+14
6.055805e+03	6.055805e+03	-9.554240e+00	-4.093252e+02	9.490764e-01	-8.837172e-01	1.679716e+03	2.956719e+03	2.483363e+03	0.000000e+00	132	1.000000e+14
1.392487e+04	1.392487e+04	1.650037e+01	-2.923481e+02	9.246325e-01	-9.549821e-01	1.749442e+03	2.233956e+03	2.676724e+03	0.000000e+00	330	1.000000e+14
2.631057e+03	2.631057e+03	2.439989e+01	-4.376463e+02	-7.799826e-01	-4.776764e-01	1.760943e+03	2.430088e+03	2.720303e+03	0.000000e+00	38	1.000000e+14
8.658996e+03	8.658996e+03	-2.619517e+01	-2.263793e+02	4.475602e-01	5.502095e-01	1.542006e+03	2.167338e+03	2.174413e+03	0.000000e+00	230	1.000000e+14
5.624809e+03	5.624809e+03	1.239257e+01	-3.677695e+02	-2.302603e-01	4.952101e-01	1.798748e+03	2.699874e+03	2.738061e+03	0.000000e+00	120	1.000000e+14
8.115412e+03	8.115412e+03	-1.308379e+01	-4.682761e+02	-6.121042e-01	7.943325e-01	1.801291e+03	2.921449e+03	2.149583e+03	0.000000e+00	213	1.000000e+14
1.731463e+04	1.731463e+04	2.867892e+01	-2.937906e+02	-3.084853e-01	2.932721e-02	1.665635e+03	2.716423e+03	2.410901e+03	0.000000e+00	357	1.000000e+14
5.842126e+03	5.842126e+03	-1.674710e+01	-3.982235e+02	-7.734159e-01	-1.982226e-01	1.873177e+03	2.593158e+03	2.623442e+03	0.000000e+00	125	1.000000e+14
4.777156e+03	4.777156e+03	-7.377505e+00	-3.925198e+02	2.427439e-01	3.495635e-01	1.688808e+03	2.581058e+03	2.795007e+03	0.000000e+00	88	1.000000e+14
5.562900e+03	5.562900e+03	-8.415982e+00	-4.696821e+02	-3.013980e-01	-4.880516e-01	1.994680e+03	2.560907e+03	2.693182e+03	0.000000e+00	116	1.000000e+14
8.549301e+03	8.549301e+03	1.672433e+01	-3.365784e+02	-7.780317e-01	-5.815868e-01	1.690524e+03	2.950122e+03	2.511180e+03	0.000000e+00	226	1.000000e+14
6.458845e+03	6.458845e+03	2.864562e+01	-4.454159e+02	-7.886113e-02	5.805930e-01	1.908073e+03	2.085171e+03	2.765987e+03	0.000000e+00	150	1.000000e+14
1.224917e+04	1.224917e+04	-2.956478e+01	-4.500360e+02	-5.244740e-01	1.976293e-01	1.694380e+03	2.025963e+03	2.116387e+03	0.000000e+00	310	1.000000e+14
4.834030e+03	4.834030e+03	7.982426e+00	-4.388047e+02	6.476875e-01	-2.465787e-01	1.519299e+03	2.768775e+03	2.306316e+03	0.000000e+00	91	1.000000e+14
6.208977e+03	6.208977e+03	-6.261868e+00	-4.989550e+02	-2.923144e-01	6.895181e-02	1.975166e+03	2.430585e+03	2.523110e+03	0.000000e+00	142	1.000000e+14
6.991398e+03	6.991398e+03	-2.831273e+01	-3.095294e+02	4.781990e-01	-1.467781e-01	1.869821e+03	2.139279e+03	2.759453e+03	0.000000e+00	176	1.000000e+14
6.245169e+03	6.245169e+03	-1.604327e+01	-3.053543e+02	-4.775416e-01	8.960358e-01	1.795511e+03	2.535890e+03	2.724349e+03	0.000000e+00	145	1.000000e+14
4.623018e+03	4.623018e+03	-1.135786e+01	-3.538403e+02	3.660862e-01	-6.694562e-01	1.844849e+03	2.424896e+03	2.010263e+03	0.000000e+00	83	1.000000e+14
9.015213e+03	9.015213e+03	-2.036085e+01	-2.664136e+02	7.158774e-01	8.440014e-01	1.938139e+03	2.238327e+03	2.755336e+03	0.000000e+00	238	1.000000e+14
8.458267e+03	8.458267e+03	1.325567e+01	-3.046946e+02	-8.866144e-01	7.051177e-01	1.558584e+03	2.746024e+03	2.218529e+03	0.000000e+00	222	1.000000e+14
1.724041e+04	1.724041e+04	1.211239e+01	-2.376603e+02	-8.438849e-01	7.752761e-02	1.716672e+03	2.467769e+03	2.514286e+03	0.000000e+00	353	1.000000e+14
4.083382e+03	4.083382e+03	-6.063142e+00	-3.900657e+02	7.558923e-01	9.803077e-01	1.724189e+03	2.473635e+03	2.127205e+03	0.000000e+00	68	1.000000e+14
7.656654e+03	7.656654e+03	-2.306908e+01	-2.662581e+02	-5.411924e-01	5.591344e-01	1.733208e+03	2.175562e+03	2.517735e+03	0.000000e+00	195	1.000000e+14
8.100035e+03	8.100035e+03	2.958451e+01	-4.375754e+02	-1.062727e-01	-1.251891e-01	1.942493e+03	2.154555e+03	2.110055e+03	0.000000e+00	210	1.000000e+14
7.485189e+03	7.485189e+03	1.967312e+01	-3.559252e+02	-8.465266e-01	-7.261155e-01	1.678951e+03	2.432756e+03	2.497045e+03	0.000000e+00	189	1.000000e+14
5.871707e+03	5.871707e+03	-1.592007e+01	-2.925089e+02	1.249871e-01	-3.812384e-01	1.615562e+03	2.931249e+03	2.999054e+03	0.000000e+00	126	1.000000e+14
8.564001e+03	8.564001e+03	-6.508692e+00	-2.760685e+02	-2.829130e-01	-5.094952e-01	1.773627e+03	2.274064e+03	2.213612e+03	0.000000e+00	228	1.000000e+14
7.263053e+03	7.263053e+03	-1.969764e+01	-2.905987e+02	-9.857756e-01	8.362783e-01	1.869140e+03	2.564931e+03	2.516565e+03	0.000000e+00	183	1.000000e+14
2.425629e+03	2.425629e+03	8.718084e+00	-4.874844e+02	-6.026431e-01	5.522628e-01	1.975896e+03	2.089567e+03	2.135325e+03	0.000000e+00	31	1.000000e+14
2.806023e+04	2.806023e+04	2.680185e+01	-2.026701e+02	-8.862883e-01	4.543928e-01	1.884331e+03	2.870263e+03	2.231886e+03	0.000000e+00	400	1.000000e+14
1.440625e+04	1.440625e+04	2.732038e+01	-3.302136e+02	-4.105782e-01	-4.488409e-02	1.755311e+03	2.074936e+03	2.469803e+03	0.000000e+00	333	1.000000e+14
8.231793e+03	8.231793e+03	-1.615066e+01	-2.382576e+02	-2.631558e-01	1.850631e-02	1.534168e+03	2.629207e+03	2.704118e+03	0.000000e+00	217	1.000000e+14
1.145961e+04	1.145961e+04	-2.250333e+01	-4.857874e+02	-5.548473e-01	-2.788268e-02	1.752973e+03	2.177810e+03	2.964441e+03	0.000000e+00	290	1.000000e+14
6.369003e+03	6.369003e+03	1.762992e+01	-3.682646e+02	9.984750e-01	9.518181e-01	1.716550e+03	2.096811e+03	2.268880e+03	0.000000e+00	148	1.000000e+14
1.680177e+03	1.680177e+03	2.087526e+01	-4.489051e+02	-8.450975e-01	-9.135164e-01	1.670569e+03	2.803284e+03	2.188751e+03	0.000000e+00	14	1.000000e+14
3.533580e+03	3.533580e+03	2.632654e+01	-4.133203e+02	-9.316773e-01	3.511080e-02	1.646994e+03	2.159243e+03	2.535773e+03	0.000000e+00	57	1.000000e+14
7.549683e+03	7.549683e+03	-2.874787e+01	-2.564928e+02	-6.840797e-01	3.008978e-01	1.568044e+03	2.970788e+03	2.558000e+03	0.000000e+00	193	1.000000e+14
8.183587e+03	8.183587e+03	2.760269e+01	-3.625052e+02	8.414811e-01	3.998929e-01	1.577217e+03	2.912098e+03	2.224817e+03	0.000000e+00	215	1.000000e+14
3.753797e+03	3.753797e+03	-5.143808e-01	-4.133580e+02	1.436935e-01	5.720072e-01	1.717821e+03	2.139726e+03	2.354919e+03	0.000000e+00	60	1.000000e+14
7.261279e+03	7.261279e+03	-2.553397e+01	-3.949969e+02	6.512621e-02	2.166761e-01	1.946214e+03	2.966984e+03	2.396927e+03	0.000000e+00	182	1.000000e+14
6.641215e+03	6.641215e+03	-2.481065e+01	-3.454189e+02	8.958909e-01	-5.644705e-01	1.753062e+03	2.873091e+03	2.739171e+03	0.000000e+00	162	1.000000e+14
1.534440e+03	1.534440e+03	2.068819e+01	-4.808566e+02	-5.834346e-01	2.107679e-01	1.990037e+03	2.276074e+03	2.384313e+03	0.000000e+00	9	1.000000e+14
1.890979e+04	1.890979e+04	8.508590e+00	-2.289451e+02	9.724373e-01	4.577003e-01	1.919370e+03	2.406213e+03	2.680594e+03	0.000000e+00	369	1.000000e+14
9.995603e+03	9.995603e+03	-2.149595e+01	-4.638113e+02	-5.850017e-01	2.879450e-01	1.793914e+03	2.803104e+03	2.305566e+03	0.000000e+00	256	1.000000e+14
1.070355e+04	1.070355e+04	-1.290788e+01	-2.266168e+02	-4.174320e-01	8.139544e-01	1.674859e+03	2.354661e+03	2.478242e+03	0.000000e+00	271	1.000000e+14
2.313943e+03	2.313943e+03	8.679975e+00	-4.053099e+02	2.524908e-02	-9.828367e-01	1.619299e+03	2.762577e+03	2.450066e+03	0.000000e+00	27	1.000000e+14
1.156430e+04	1.156430e+04	-2.006195e+01	-4.683772e+02	-4.121853e-01	-9.687734e-01	1.617145e+03	2.866935e+03	2.706038e+03	0.000000e+00	296	1.000000e+14
2.123213e+04	2.123213e+04	2.668411e+01	-2.584298e+02	1.737228e-01	3.642315e-01	1.742825e+03	2.795205e+03	2.608293e+03	0.000000e+00	385	1.000000e+14
1.434870e+04	1.434870e+04	5.893692e+00	-2.410689e+02	-9.442347e-01	-5.431496e-01	1.711769e+03	2.332179e+03	2.055230e+03	0.000000e+00	332	1.000000e+14
2.160876e+04	2.160876e+04	2.818107e+01	-2.471579e+02	6.001517e-02	-7.791197e-01	1.639452e+03	2.347902e+03	2.887903e+03	0.000000e+00	388	1.000000e+14
2.034194e+04	2.034194e+04	1.511570e+01	-2.414254e+02	-7.345944e-01	-7.704517e-02	1.937680e+03	2.554873e+03	2.634980e+03	0.000000e+00	380	1.000000e+14
8.642589e+03	8.642589e+03	-5.262364e+00	-4.892962e+02	9.791994e-01	8.800006e-01	1.638842e+03	2.056443e+03	2.487740e+03	0.000000e+00	229	1.000000e+14
2.529790e+04	2.529790e+04	2.754632e+01	-2.444757e+02	-2.399345e-01	2.370781e-02	1.974117e+03	2.534226e+03	2.036730e+03	0.000000e+00	397	1.000000e+14
1.090240e+04	1.090240e+04	-2.011668e+01	-4.637964e+02	-2.666017e-02	8.013227e-01	1.658682e+03	2.704157e+03	2.230049e+03	0.000000e+00	280	1.000000e+14
1.078521e+04	1.078521e+04	1.434208e+01	-3.279150e+02	1.986212e-01	-9.071859e-02	1.835179e+03	2.955136e+03	2.865234e+03	0.000000e+00	275	1.000000e+14
6.577339e+03	6.577339e+03	-1.144931e+01	-3.122983e+02	9.958192e-01	6.721997e-01	1.878273e+03	2.218195e+03	2.351250e+03	0.000000e+00	159	1.000000e+14
7.623222e+03	7.623222e+03	-2.522112e+01	-2.917403e+02	-2.263844e-01	-6.650869e-01	1.967275e+03	2.483015e+03	2.942146e+03	0.000000e+00	194	1.000000e+14
6.800161e+03	6.800161e+03	-1.724134e+01	-3.781150e+02	-9.022913e-01	2.177357e-01	1.657143e+03	2.152618e+03	2.407275e+03	0.000000e+00	170	1.000000e+14
4.486325e+03	4.486325e+03	-2.259339e+00	-3.480974e+02	-9.797470e-01	-5.086109e-01	1.818535e+03	2.576194e+03	2.279134e+03	0.000000e+00	79	1.000000e+14
7.390533e+03	7.390533e+03	1.628426e+01	-3.233749e+02	-6.039295e-01	-2.755114e-01	1.550466e+03	2.791649e+03	2.917197e+03	0.000000e+00	185	1.000000e+14
1.644346e+04	1.644346e+04	2.382109e+01	-3.290875e+02	4.711806e-01	-7.441147e-01	1.993938e+03	2.555854e+03	2.806392e+03	0.000000e+00	344	1.000000e+14
4.557490e+03	4.557490e+03	-9.956868e+00	-3.519840e+02	7.100378e-01	-6.043704e-01	1.609961e+03	2.493340e+03	2.757292e+03	0.000000e+00	80	1.000000e+14
2.252132e+04	2.252132e+04	2.773443e+01	-2.364660e+02	-2.175509e-01	-6.325376e-01	1.638242e+03	2.111143e+03	2.263428e+03	0.000000e+00	389	1.000000e+14
1.095460e+03	1.095460e+03	2.381867e+01	-4.866647e+02	6.786977e-01	-3.576456e-01	1.890771e+03	2.344058e+03	2.566256e+03	0.000000e+00	1	1.000000e+14
5.343411e+03	5.343411e+03	-6.064074e+00	-3.165193e+02	-7.436832e-01	-7.020753e-01	1.724380e+03	2.357625e+03	2.208469e+03	0.000000e+00	109	1.000000e+14
1.601251e+03	1.601251e+03	1.973591e+01	-4.653417e+02	1.139877e-01	-6.192454e-01	1.764414e+03	2.071120e+03	2.322611e+03	0.000000e+00	12	1.000000e+14
2.526588e+03	2.526588e+03	1.401859e+01	-4.596345e+02	4.801845e-01	6.348616e-02	1.719893e+03	2.450227e+03	2.807209e+03	0.000000e+00	34	1.000000e+14
2.049479e+04	2.049479e+04	2.123865e+01	-2.612037e+02	4.039992e-01	-6.399071e-01	1.894519e+03	2.748056e+03	2.120949e+03	0.000000e+00	381	1.000000e+14
1.133723e+04	1.133723e+04	-7.322107e+00	-2.241578e+02	-6.821121e-01	-1.193470e-01	1.624699e+03	2.143675e+03	2.964558e+03	0.000000e+00	286	1.000000e+14
1.784223e+04	1.784223e+04	1.703395e+01	-2.374388e+02	-2.744123e-02	-2.824230e-01	1.602198e+03	2.222148e+03	2.346704e+03	0.000000e+00	362	1.000000e+14
1.903990e+04	1.903990e+04	2.708637e+01	-2.799488e+02	-6.145092e-02	-4.856692e-01	1.733720e+03	2.194978e+03	2.864405e+03	0.000000e+00	371	1.000000e+14
6.659626e+03	6.659626e+03	-2.698137e+01	-3.280636e+02	3.211852e-01	9.321857e-01	1.823391e+03	2.239988e+03	2.171276e+03	0.000000e+00	164	1.000000e+14
3.177736e+03	3.177736e+03	2.272559e+01	-4.984138e+02	-3.159854e-02	1.474526e-01	1.666632e+03	2.342652e+03	2.756739e+03	0.000000e+00	45	1.000000e+14
1.378818e+04	1.378818e+04	-8.844134e+00	-2.095313e+02	-6.357507e-01	-7.606392e-01	1.794553e+03	2.264369e+03	2.877386e+03	0.000000e+00	328	1.000000e+14
5.982119e+03	5.982119e+03	2.706839e+00	-2.997984e+02	-2.210509e-01	7.542113e-01	1.573308e+03	2.887885e+03	2.149205e+03	0.000000e+00	129	1.000000e+14
6.508516e+03	6.508516e+03	-2.279313e+00	-4.973688e+02	8.205569e-01	4.855368e-01	1.818374e+03	2.804239e+03	2.586209e+03	0.000000e+00	154	1.000000e+14
1.645006e+04	1.645006e+04	1.897749e+01	-2.949238e+02	7.936018e-01	-6.491084e-01	1.891217e+03	2.664219e+03	2.286098e+03	0.000000e+00	345	1.000000e+14
5.184212e+03	5.184212e+03	-1.668536e+01	-3.555793e+02	-7.621202e-01	3.540684e-01	1.839683e+03	2.561965e+03	2.856398e+03	0.000000e+00	100	1.000000e+14
4.231874e+03	4.231874e+03	-1.064050e+01	-3.892158e+02	-3.635303e-01	4.659337e-01	1.927817e+03	2.140032e+03	2.830353e+03	0.000000e+00	71	1.000000e+14
1.163434e+04	1.163434e+04	-2.856935e+01	-4.514437e+02	-8.788539e-01	-1.526068e-01	1.743844e+03	2.981959e+03	2.829842e+03	0.000000e+00	300	1.000000e+14
1.733580e+04	1.733580e+04	1.210602e+01	-2.271477e+02	-9.056661e-01	-7.585167e-01	1.637668e+03	2.233658e+03	2.291195e+03	0.000000e+00	358	1.000000e+14
5.148451e+03	5.148451e+03	1.655790e-01	-3.326854e+02	4.654161e-01	8.834206e-01	1.754053e+03	2.812147e+03	2.811705e+03	0.000000e+00	99	1.000000e+14
1.192651e+04	1.192651e+04	-1.503345e+01	-4.859742e+02	-7.544561e-01	4.520609e-01	1.544316e+03	2.038315e+03	2.521082e+03	0.000000e+00	305	1.000000e+14
2.444482e+04	2.444482e+04	2.569917e+01	-2.261220e+02	8.699627e-01	7.894620e-01	1.769521e+03	2.695550e+03	2.408250e+03	0.000000e+00	396	1.000000e+14
1.725934e+04	1.725934e+04	9.788582e+00	-2.347247e+02	-4.406518e-01	-7.869935e-01	1.776695e+03	2.280200e+03	2.973297e+03	0.000000e+00	354	1.000000e+14
1.220170e+04	1.220170e+04	-8.896886e+00	-2.405339e+02	7.353209e-01	-3.749550e-01	1.904823e+03	2.199886e+03	2.643250e+03	0.000000e+00	309	1.000000e+14
7.867211e+03	7.867211e+03	-1.622385e+01	-2.916044e+02	-3.308962e-01	-5.765749e-01	1.958713e+03	2.088863e+03	2.267123e+03	0.000000e+00	203	1.000000e+14
1.174404e+04	1.174404e+04	1.291835e+00	-2.815560e+02	-8.411236e-01	-3.623683e-01	1.972795e+03	2.422093e+03	2.803004e+03	0.000000e+00	303	1.000000e+14
1.169541e+04	1.169541e+04	-3.733531e-01	-2.478376e+02	-3.959197e-01	7.638786e-01	1.713154e+03	2.635099e+03	2.245193e+03	0.000000e+00	302	1.000000e+14
1.872649e+04	1.872649e+04	2.538373e+01	-2.774528e+02	7.297105e-01	-7.650096e-01	1.738576e+03	2.037730e+03	2.129326e+03	0.000000e+00	367	1.000000e+14
8.167532e+03	8.167532e+03	-2.796546e+01	-3.623278e+02	1.342034e-01	-3.796637e-01	1.720822e+03	2.609504e+03	2.967336e+03	0.000000e+00	214	1.000000e+14
7.532200e+03	7.532200e+03	7.733086e-01	-4.724820e+02	-9.094700e-01	7.100172e-01	1.553105e+03	2.781204e+03	2.457943e+03	0.000000e+00	192	1.000000e+14
1.354882e+04	1.354882e+04	8.674492e+00	-2.416069e+02	2.606546e-01	7.675305e-02	1.554221e+03	2.814100e+03	2.747392e+03	0.000000e+00	327	1.000000e+14
6.503655e+03	6.503655e+03	-6.569536e+00	-4.175622e+02	3.606387e-01	-6.680453e-01	1.592172e+03	2.662501e+03	2.384484e+03	0.000000e+00	152	1.000000e+14
1.146895e+04	1.146895e+04	2.357448e+01	-3.193373e+02	9.001804e-01	1.519488e-01	1.587698e+03	2.476266e+03	2.873138e+03	0.000000e+00	291	1.000000e+14
1.712564e+04	1.712564e+04	2.839368e+01	-3.387164e+02	-2.470441e-02	5.550360e-01	1.970847e+03	2.863450e+03	2.302165e+03	0.000000e+00	349	1.000000e+14
8.292697e+03	8.292697e+03	-1.838408e+01	-4.796481e+02	3.578322e-01	-5.108170e-01	1.985200e+03	2.242743e+03	2.575847e+03	0.000000e+00	219	1.000000e+14
1.068902e+04	1.068902e+04	1.083073e+01	-2.800966e+02	1.684893e-01	-1.289579e-01	1.589618e+03	2.457935e+03	2.283511e+03	0.000000e+00	270	1.000000e+14
7.510556e+03	7.510556e+03	-2.454983e+01	-3.688910e+02	-6.316828e-02	-8.562169e-01	1.739844e+03	2.735370e+03	2.150033e+03	0.000000e+00	191	1.000000e+14
5.777609e+03	5.777609e+03	-1.909111e+01	-3.341468e+02	8.252230e-01	4.267284e-01	1.889513e+03	2.399983e+03	2.890910e+03	0.000000e+00	123	1.000000e+14
1.158006e+04	1.158006e+04	-6.744936e+00	-2.112410e+02	-1.441414e-01	8.779637e-01	1.507190e+03	2.806263e+03	2.839272e+03	0.000000e+00	297	1.000000e+14
1.103394e+04	1.103394e+04	6.498805e-02	-2.875872e+02	8.016648e-01	1.433295e-01	1.973727e+03	2.424492e+03	2.530317e+03	0.000000e+00	281	1.000000e+14
1.063703e+04	1.063703e+04	-1.775880e+00	-2.478188e+02	-9.492722e-01	-4.110986e-01	1.660147e+03	2.060616e+03	2.824248e+03	0.000000e+00	268	1.000000e+14
2.135845e+03	2.135845e+03	1.251726e+01	-3.867396e+02	-8.984317e-01	-4.826844e-02	1.669817e+03	2.765669e+03	2.128858e+03	0.000000e+00	22	1.000000e+14
6.618173e+03	6.618173e+03	9.872136e+00	-3.685015e+02	-7.377424e-01	4.833195e-01	1.933902e+03	2.779680e+03	2.785558e+03	0.000000e+00	161	1.000000e+14
9.315853e+03	9.315853e+03	-2.041485e+01	-2.284389e+02	4.176685e-01	2.346614e-01	1.629073e+03	2.796385e+03	2.116736e+03	0.000000e+00	243	1.000000e+14
7.018001e+03	7.018001e+03	-5.532038e+00	-4.257069e+02	5.421346e-01	-2.843283e-01	1.549624e+03	2.705949e+03	2.213209e+03	0.000000e+00	178	1.000000e+14
6.104209e+03	6.104209e+03	-2.118347e+01	-3.246480e+02	-7.710175e-01	9.233099e-01	1.879891e+03	2.645925e+03	2.094726e+03	0.000000e+00	134	1.000000e+14
1.208121e+04	1.208121e+04	8.894970e+00	-3.093414e+02	-5.423542e-01	2.930211e-01	1.967034e+03	2.792249e+03	2.090712e+03	0.000000e+00	307	1.000000e+14
1.187144e+04	1.187144e+04	8.561138e+00	-2.674162e+02	6.614358e-01	-9.666144e-01	1.641337e+03	2.699335e+03	2.482768e+03	0.000000e+00	304	1.000000e+14
1.228624e+04	1.228624e+04	2.556692e+01	-3.234495e+02	-7.858299e-01	8.273487e-01	1.619871e+03	2.594130e+03	2.415880e+03	0.000000e+00	311	1.000000e+14
9.355554e+03	9.355554e+03	-1.253982e+01	-2.510177e+02	-5.101829e-01	-7.651603e-01	1.746664e+03	2.435713e+03	2.791818e+03	0.000000e+00	244	1.000000e+14
1.295966e+04	1.295966e+04	-1.817634e+01	-2.151767e+02	5.541836e-01	-7.260117e-01	1.977420e+03	2.143060e+03	2.622530e+03	0.000000e+00	321	1.000000e+14
1.462259e+04	1.462259e+04	-2.943003e+01	-4.596312e+02	-3.359372e-01	-5.842325e-01	1.504825e+03	2.494125e+03	2.007902e+03	0.000000e+00	335	1.000000e+14
1.274385e+04	1.274385e+04	-1.938374e+01	-2.174131e+02	6.164909e-01	7.520159e-01	1.984150e+03	2.029522e+03	2.091178e+03	0.000000e+00	317	1.000000e+14
3.272302e+03	3.272302e+03	1.072671e+01	-4.490489e+02	1.254402e-01	3.930276e-01	1.658817e+03	2.511255e+03	2.107355e+03	0.000000e+00	50	1.000000e+14
5.370342e+03	5.370342e+03	-1.356101e+01	-3.489647e+02	-3.769245e-01	5.654987e-01	1.978075e+03	2.310654e+03	2.567396e+03	0.000000e+00	112	1.000000e+14
1.020942e+04	1.020942e+04	1.926403e+01	-3.432297e+02	-4.504571e-01	4.479416e-02	1.770406e+03	2.117870e+03	2.712494e+03	0.000000e+00	260	1.000000e+14
8.765221e+03	8.765221e+03	-2.167293e+01	-2.347544e+02	-7.028725e-01	8.307023e-01	1.623021e+03	2.728283e+03	2.133427e+03	0.000000e+00	233	1.000000e+14
1.319902e+04	1.319902e+04	2.563645e+01	-3.181506e+02	-2.280521e-01	-6.765410e-01	1.644184e+03	2.885523e+03	2.166661e+03	0.000000e+00	326	1.000000e+14
1.805673e+04	1.805673e+04	1.925655e+01	-2.520980e+02	-7.324549e-01	2.409839e-01	1.673879e+03	2.487102e+03	2.593751e+03	0.000000e+00	363	1.000000e+14
5.359357e+03	5.359357e+03	-1.715031e+01	-3.513830e+02	7.417327e-01	2.199460e-01	1.929669e+03	2.261586e+03	2.695914e+03	0.000000e+00	110	1.000000e+14
7.702579e+03	7.702579e+03	-2.520225e+01	-2.772258e+02	-9.179470e-01	-1.532844e-01	1.852602e+03	2.517049e+03	2.881470e+03	0.000000e+00	197	1.000000e+14
3.955989e+03	3.955989e+03	1.063181e+01	-3.410443e+02	-6.616067e-03	3.698308e-01	1.573288e+03	2.140211e+03	2.882959e+03	0.000000e+00	65	1.000000e+14
1.889807e+03	1.889807e+03	2.782675e+01	-4.113059e+02	-2.752026e-01	-8.070145e-01	1.536003e+03	2.950201e+03	2.912595e+03	0.000000e+00	19	1.000000e+14
3.401815e+03	3.401815e+03	-5.074019e+00	-4.217568e+02	6.897966e-01	-9.241852e-01	1.984957e+03	2.097758e+03	2.460794e+03	0.000000e+00	55	1.000000e+14
3.365059e+03	3.365059e+03	-3.398393e+00	-3.805094e+02	-2.708550e-01	-8.978277e-01	1.801788e+03	2.430582e+03	2.921249e+03	0.000000e+00	53	1.000000e+14
8.506009e+03	8.506009e+03	-1.563617e+01	-4.935443e+02	-1.891837e-01	8.434883e-01	1.935507e+03	2.458544e+03	2.729847e+03	0.000000e+00	225	1.000000e+14
7.474295e+03	7.474295e+03	-1.898569e+01	-2.876308e+02	8.646512e-01	-5.474163e-01	1.874426e+03	2.176254e+03	2.525477e+03	0.000000e+00	187	1.000000e+14
2.464588e+03	2.464588e+03	1.638651e+01	-4.552464e+02	-1.680434e-01	7.265688e-01	1.665671e+03	2.028876e+03	2.139006e+03	0.000000e+00	32	1.000000e+14
4.587417e+03	4.587417e+03	6.626658e+00	-3.493674e+02	-6.838710e-02	-8.939723e-03	1.738031e+03	2.755453e+03	2.658838e+03	0.000000e+00	81	1.000000e+14
9.561984e+03	9.561984e+03	-2.771111e+01	-2.134795e+02	-4.843918e-01	9.132776e-01	1.587531e+03	2.031454e+03	2.069355e+03	0.000000e+00	249	1.000000e+14
1.822062e+04	1.822062e+04	6.812777e+00	-2.239284e+02	9.305716e-02	-6.458154e-01	1.881708e+03	2.999455e+03	2.397526e+03	0.000000e+00	364	1.000000e+14
4.440972e+03	4.440972e+03	8.134329e-01	-4.972907e+02	6.618151e-01	-2.537270e-02	1.979343e+03	2.977554e+03	2.902772e+03	0.000000e+00	76	1.000000e+14
8.759166e+03	8.759166e+03	2.331064e+01	-4.113099e+02	8.894746e-01	-2.151321e-01	1.983090e+03	2.981593e+03	2.064880e+03	0.000000e+00	232	1.000000e+14
1.156240e+04	1.156240e+04	-1.617921e+01	-2.329128e+02	6.033190e-01	6.899949e-01	1.904804e+03	2.006480e+03	2.944481e+03	0.000000e+00	295	1.000000e+14
2.269590e+04	2.269590e+04	2.597225e+01	-2.513703e+02	-5.294096e-01	-6.655541e-01	1.847285e+03	2.285795e+03	2.190493e+03	0.000000e+00	390	1.000000e+14
1.309194e+04	1.309194e+04	-3.694521e+00	-2.118463e+02	-1.143390e-01	4.664857e-01	1.597134e+03	2.218010e+03	2.535928e+03	0.000000e+00	322	1.000000e+14
4.250395e+03	4.250395e+03	-9.471978e-01	-3.708050e+02	-5.085690e-01	7.303240e-01	1.928589e+03	2.193151e+03	2.145460e+03	0.000000e+00	72	1.000000e+14
2.346670e+04	2.346670e+04	2.493360e+01	-2.149522e+02	-5.388389e-01	-8.028348e-01	1.620295e+03	2.378251e+03	2.753016e+03	0.000000e+00	393	1.000000e+14
2.136462e+04	2.136462e+04	2.111755e+01	-2.326107e+02	1.458457e-01	1.220601e-01	1.718507e+03	2.070727e+03	2.275788e+03	0.000000e+00	387	1.000000e+14
2.001652e+03	2.001652e+03	8.198357e+00	-4.192090e+02	-1.544846e-01	-1.331939e-02	1.736061e+03	2.642795e+03	2.430472e+03	0.000000e+00	21	1.000000e+14
1.207101e+04	1.207101e+04	-2.474646e+01	-4.402150e+02	6.414420e-01	-8.679340e-01	1.557360e+03	2.999766e+03	2.791708e+03	0.000000e+00	306	1.000000e+14
3.081965e+03	3.081965e+03	3.664208e+00	-3.599761e+02	-8.868147e-01	-7.696361e-01	1.685779e+03	2.371841e+03	2.391752e+03	0.000000e+00	43	1.000000e+14
1.070726e+04	1.070726e+04	-2.012589e+01	-2.325696e+02	-8.841398e-01	-9.670171e-01	1.883868e+03	2.945084e+03	2.488391e+03	0.000000e+00	272	1.000000e+14
4.658970e+03	4.658970e+03	1.800212e+01	-4.091686e+02	-7.865816e-01	-9.625457e-01	1.857603e+03	2.418180e+03	2.315929e+03	0.000000e+00	84	1.000000e+14
1.161450e+04	1.161450e+04	-1.524302e+01	-4.779638e+02	-4.077838e-01	4.528089e-01	1.544434e+03	2.425275e+03	2.834977e+03	0.000000e+00	298	1.000000e+14
1.911682e+04	1.911682e+04	2.154134e+01	-2.819775e+02	6.976750e-01	-5.726347e-01	1.930791e+03	2.794029e+03	2.874806e+03	0.000000e+00	372	1.000000e+14
1.549412e+04	1.549412e+04	1.831124e+01	-3.152163e+02	8.972466e-01	-4.586173e-01	1.986508e+03	2.529930e+03	2.250576e+03	0.000000e+00	339	1.000000e+14
3.917799e+03	3.917799e+03	1.245305e+01	-4.774520e+02	-6.876147e-01	-2.063090e-01	1.678509e+03	2.791451e+03	2.472879e+03	0.000000e+00	63	1.000000e+14
7.837409e+03	7.837409e+03	1.391123e+01	-3.077726e+02	-4.405131e-01	-7.185128e-01	1.532483e+03	2.712233e+03	2.253064e+03	0.000000e+00	201	1.000000e+14
8.462726e+03	8.462726e+03	-1.829930e+01	-4.278872e+02	1.327418e-01	5.117903e-01	1.721564e+03	2.893877e+03	2.918418e+03	0.000000e+00	223	1.000000e+14
9.493362e+03	9.493362e+03	1.680001e+00	-2.702254e+02	-8.796308e-01	7.398487e-01	1.666099e+03	2.403190e+03	2.945754e+03	0.000000e+00	246	1.000000e+14
4.856804e+03	4.856804e+03	-1.108451e+01	-3.362455e+02	9.667061e-01	5.548450e-01	1.518093e+03	2.105206e+03	2.008488e+03	0.000000e+00	93	1.000000e+14
4.440065e+03	4.440065e+03	5.032529e+00	-3.579978e+02	7.877111e-01	4.580387e-01	1.797301e+03	2.292651e+03	2.970847e+03	0.000000e+00	75	1.000000e+14
6.059223e+03	6.059223e+03	-5.657464e+00	-4.040583e+02	8.863266e-01	-4.679419e-01	1.554445e+03	2.745003e+03	2.746021e+03	0.000000e+00	133	1.000000e+14
1.643954e+04	1.643954e+04	6.985525e+00	-2.397496e+02	-9.454734e-01	-5.706563e-01	1.852364e+03	2.724198e+03	2.297737e+03	0.000000e+00	343	1.000000e+14
6.920063e+03	6.920063e+03	-2.279959e+01	-4.125081e+02	-3.029399e-01	-5.848490e-01	1.999769e+03	2.837998e+03	2.911738e+03	0.000000e+00	175	1.000000e+14
1.863471e+04	1.863471e+04	1.110852e+01	-2.455723e+02	-8.117606e-01	-3.869527e-01	1.966629e+03	2.251848e+03	2.131485e+03	0.000000e+00	366	1.000000e+14
1.360011e+03	1.360011e+03	1.928209e+01	-4.970379e+02	6.534063e-01	-9.472488e-01	1.945577e+03	2.313328e+03	2.061188e+03	0.000000e+00	6	1.000000e+14
5.191501e+03	5.191501e+03	-9.840792e+00	-3.283439e+02	-5.756179e-01	-7.768994e-01	1.798612e+03	2.107683e+03	2.546310e+03	0.000000e+00	102	1.000000e+14
1.057616e+04	1.057616e+04	-2.127871e+01	-2.402948e+02	-2.979124e-01	-4.857725e-01	1.957184e+03	2.277352e+03	2.540083e+03	0.000000e+00	267	1.000000e+14
3.322087e+03	3.322087e+03	8.520433e+00	-4.103622e+02	-7.376734e-02	-5.743340e-02	1.980486e+03	2.579006e+03	2.293430e+03	0.000000e+00	51	1.000000e+14
9.483703e+03	9.483703e+03	-2.687947e+01	-2.141897e+02	-9.045937e-01	-1.819680e-01	1.586917e+03	2.404234e+03	2.755951e+03	0.000000e+00	245	1.000000e+14
6.820351e+03	6.820351e+03	-4.197621e+00	-4.679033e+02	-6.831655e-01	1.576861e-01	1.716027e+03	2.768963e+03	2.034526e+03	0.000000e+00	172	1.000000e+14
1.410817e+04	1.410817e+04	-3.950270e+00	-2.209329e+02	-8.108926e-02	-6.080179e-01	1.806473e+03	2.222026e+03	2.376809e+03	0.000000e+00	331	1.000000e+14
6.403949e+03	6.403949e+03	-2.201119e+01	-2.817446e+02	2.796564e-01	-6.003210e-01	1.541891e+03	2.412352e+03	2.836039e+03	0.000000e+00	149	1.000000e+14
3.391597e+03	3.391597e+03	-4.651872e+00	-4.188727e+02	-7.777035e-02	-5.873220e-01	1.951385e+03	2.757144e+03	2.140133e+03	0.000000e+00	54	1.000000e+14
8.845822e+03	8.845822e+03	-3.406317e+00	-4.768926e+02	-6.738771e-01	-6.450819e-01	1.543428e+03	2.949364e+03	2.252738e+03	0.000000e+00	236	1.000000e+14
1.078528e+04	1.078528e+04	-2.225891e+01	-2.359085e+02	5.624420e-01	9.966784e-02	1.950127e+03	2.442168e+03	2.821267e+03	0.000000e+00	276	1.000000e+14
1.036269e+04	1.036269e+04	-7.239940e+00	-4.823206e+02	-7.501330e-01	-6.869260e-01	1.511503e+03	2.590894e+03	2.746362e+03	0.000000e+00	263	1.000000e+14
6.542770e+03	6.542770e+03	-2.130403e+01	-3.044383e+02	-9.325980e-01	9.220126e-01	1.839463e+03	2.266978e+03	2.929530e+03	0.000000e+00	156	1.000000e+14
6.835434e+03	6.835434e+03	-2.570627e+01	-3.111562e+02	-6.413693e-01	2.798897e-01	1.577110e+03	2.652941e+03	2.380390e+03	0.000000e+00	174	1.000000e+14
9.685785e+03	9.685785e+03	3.552057e+00	-2.738530e+02	5.833582e-01	6.853827e-01	1.658939e+03	2.008213e+03	2.570981e+03	0.000000e+00	250	1.000000e+14
9.913192e+03	9.913192e+03	7.009363e+00	-3.173164e+02	8.776985e-01	5.209597e-01	1.901169e+03	2.461462e+03	2.591498e+03	0.000000e+00	254	1.000000e+14
6.138184e+03	6.138184e+03	-1.835180e+01	-4.169573e+02	6.624163e-01	-7.446712e-01	1.980409e+03	2.803283e+03	2.922804e+03	0.000000e+00	137	1.000000e+14
1.084340e+04	1.084340e+04	6.072180e-01	-2.608792e+02	5.530823e-02	-6.089192e-01	1.730530e+03	2.286327e+03	2.562427e+03	0.000000e+00	277	1.000000e+14
2.031680e+04	2.031680e+04	1.638046e+01	-2.063441e+02	-4.331366e-01	6.664445e-01	1.545051e+03	2.440485e+03	2.298451e+03	0.000000e+00	379	1.000000e+14
6.691624e+03	6.691624e+03	-1.064429e+01	-2.914777e+02	-1.369846e-01	-2.064853e-01	1.734776e+03	2.313725e+03	2.524208e+03	0.000000e+00	166	1.000000e+14
1.268168e+04	1.268168e+04	-2.562703e+01	-4.526831e+02	5.122460e-01	5.137158e-01	1.566230e+03	2.543908e+03	2.433939e+03	0.000000e+00	316	1.000000e+14
2.163761e+03	2.163761e+03	1.309538e+01	-3.939146e+02	1.835876e-01	7.598671e-01	1.700768e+03	2.275769e+03	2.920601e+03	0.000000e+00	24	1.000000e+14
6.516934e+03	6.516934e+03	1.209457e+01	-3.793381e+02	-9.611473e-01	3.712364e-01	1.937953e+03	2.185315e+03	2.212188e+03	0.000000e+00	155	1.000000e+14
1.864559e+03	1.864559e+03	7.507478e+00	-4.291184e+02	4.589109e-01	-3.925212e-01	1.917687e+03	2.437279e+03	2.144348e+03	0.000000e+00	18	1.000000e+14
6.119409e+03	6.119409e+03	-1.276199e+01	-2.918824e+02	-5.148764e-01	-1.006697e-01	1.665505e+03	2.630187e+03	2.395533e+03	0.000000e+00	135	1.000000e+14
6.818662e+03	6.818662e+03	-1.488691e+01	-4.175182e+02	5.189656e-01	7.682411e-01	1.771500e+03	2.087389e+03	2.102947e+03	0.000000e+00	171	1.000000e+14
6.780350e+03	6.780350e+03	-2.411300e+01	-3.136898e+02	6.569837e-01	6.307210e-01	1.531090e+03	2.593140e+03	2.391335e+03	0.000000e+00	169	1.000000e+14
1.916454e+04	1.916454e+04	5.767970e+00	-2.121564e+02	-3.495907e-01	-9.471510e-01	1.915241e+03	2.830321e+03	2.708058e+03	0.000000e+00	373	1.000000e+14
8.019897e+03	8.019897e+03	-4.493213e+00	-4.619987e+02	4.738563e-01	-4.159535e-01	1.579500e+03	2.958773e+03	2.469497e+03	0.000000e+00	207	1.000000e+14
7.491042e+03	7.491042e+03	-2.707242e+01	-2.622368e+02	-4.028197e-01	-6.446948e-01	1.649783e+03	2.873084e+03	2.586846e+03	0.000000e+00	190	1.000000e+14
2.142804e+03	2.142804e+03	2.743482e+01	-4.722565e+02	-3.085738e-02	1.783644e-01	1.626355e+03	2.598700e+03	2.405790e+03	0.000000e+00	23	1.000000e+14
1.319528e+04	1.319528e+04	2.394806e+01	-3.212956e+02	-1.794766e-01	-3.787847e-01	1.703710e+03	2.995277e+03	2.534726e+03	0.000000e+00	325	1.000000e+14
1.132812e+04	1.132812e+04	-1.297270e+01	-2.059497e+02	-4.355663e-01	6.752853e-01	1.548471e+03	2.074232e+03	2.975372e+03	0.000000e+00	285	1.000000e+14
5.892734e+03	5.892734e+03	2.318391e+01	-4.108176e+02	1.715075e-01	9.898219e-01	1.809188e+03	2.508934e+03	2.368325e+03	0.000000e+00	127	1.000000e+14
5.270436e+03	5.270436e+03	2.352513e+01	-4.350019e+02	3.127795e-01	3.880108e-01	1.897827e+03	2.185871e+03	2.648871e+03	0.000000e+00	106	1.000000e+14
1.259968e+03	1.259968e+03	2.506707e+01	-4.906557e+02	-4.084867e-01	9.306563e-02	1.863945e+03	2.142896e+03	2.289028e+03	0.000000e+00	3	1.000000e+14
3.918949e+03	3.918949e+03	8.399144e+00	-4.346627e+02	-6.327453e-01	-8.552499e-01	1.586111e+03	2.463039e+03	2.797633e+03	0.000000e+00	64	1.000000e+14
1.021667e+04	1.021667e+04	1.081289e+01	-2.993846e+02	8.624848e-01	9.619977e-01	1.685093e+03	2.300857e+03	2.398473e+03	0.000000e+00	261	1.000000e+14
1.835158e+03	1.835158e+03	1.133506e+01	-3.790067e+02	2.076772e-01	1.351049e-01	1.555016e+03	2.352601e+03	2.867791e+03	0.000000e+00	16	1.000000e+14
1.048774e+04	1.048774e+04	-1.395807e+01	-4.935262e+02	5.348687e-01	5.549717e-01	1.675549e+03	2.211413e+03	2.807945e+03	0.000000e+00	265	1.000000e+14
4.814446e+03	4.814446e+03	1.915065e+01	-4.879972e+02	-1.665450e-01	-1.889719e-01	1.522065e+03	2.905400e+03	2.927089e+03	0.000000e+00	90	1.000000e+14
6.031798e+03	6.031798e+03	-1.290621e+01	-3.210686e+02	8.589153e-01	-7.887533e-01	1.882243e+03	2.873464e+03	2.649108e+03	0.000000e+00	131	1.000000e+14
2.550148e+03	2.550148e+03	2.781408e+00	-3.975788e+02	8.557252e-01	8.370113e-01	1.813646e+03	2.150350e+03	2.253662e+03	0.000000e+00	35	1.000000e+14
4.780536e+03	4.780536e+03	2.667949e+01	-3.994641e+02	8.398907e-01	-3.525626e-01	1.624509e+03	2.223258e+03	2.812277e+03	0.000000e+00	89	1.000000e+14
1.132655e+04	1.132655e+04	-2.163016e+01	-4.499074e+02	-5.097335e-01	-6.437143e-01	1.600598e+03	2.750757e+03	2.563095e+03	0.000000e+00	284	1.000000e+14
