# This file contains information about inputs as read by the program

 Population size = 400
 Number of generations = 100
 Number of objective functions = 2
 Number of constraints = 0
 Number of real variables = 7
 Lower limit of real variable 1 = -3.000000e+01
 Upper limit of real variable 1 = 3.000000e+01
 Lower limit of real variable 2 = -5.000000e+02
 Upper limit of real variable 2 = -2.000000e+02
 Lower limit of real variable 3 = -1.000000e+00
 Upper limit of real variable 3 = 1.000000e+00
 Lower limit of real variable 4 = -1.000000e+00
 Upper limit of real variable 4 = 1.000000e+00
 Lower limit of real variable 5 = 1.500000e+03
 Upper limit of real variable 5 = 2.000000e+03
 Lower limit of real variable 6 = 2.000000e+03
 Upper limit of real variable 6 = 3.000000e+03
 Lower limit of real variable 7 = 2.000000e+03
 Upper limit of real variable 7 = 3.000000e+03
 Probability of crossover of real variable = 9.000000e-01
 Probability of mutation of real variable = 3.000000e-02
 Distribution index for crossover = 1.500000e+01
 Distribution index for mutation = 2.000000e+01
 Number of binary variables = 0
 Seed for random number generator = 9.238900e-01
 Number of crossover of real variable = 17878
 Number of mutation of real variable = 8259